\BOOKMARK [1][-]{section.1}{Introduction}{}% 1
\BOOKMARK [1][-]{section.2}{QFix: architecture}{}% 2
\BOOKMARK [1][-]{section.3}{Modeling abstractions}{}% 3
\BOOKMARK [2][-]{subsection.3.1}{Error modeling}{section.3}% 4
\BOOKMARK [1][-]{section.4}{A MILP-based Solution}{}% 5
\BOOKMARK [2][-]{subsection.4.1}{Encoding a Single Query}{section.4}% 6
\BOOKMARK [2][-]{subsection.4.2}{Encoding and Repairing the Query Log}{section.4}% 7
\BOOKMARK [2][-]{subsection.4.3}{The Objective Function}{section.4}% 8
\BOOKMARK [1][-]{section.5}{Optimizing the Basic Approach}{}% 9
\BOOKMARK [2][-]{subsection.5.1}{Reducing Tuples \(Tuple Slicing\)}{section.5}% 10
\BOOKMARK [2][-]{subsection.5.2}{Reducing Queries \(Query-Slicing\)}{section.5}% 11
\BOOKMARK [2][-]{subsection.5.3}{Reducing Attributes \(Attribute Slicing\)}{section.5}% 12
\BOOKMARK [2][-]{subsection.5.4}{Incremental Repairs}{section.5}% 13
\BOOKMARK [1][-]{section.6}{Noisy Complaint Sets}{}% 14
\BOOKMARK [1][-]{section.7}{Experiments}{}% 15
\BOOKMARK [2][-]{subsection.7.1}{Experimental Setup}{section.7}% 16
\BOOKMARK [3][-]{subsubsection.7.1.1}{Datasets and Workloads}{subsection.7.1}% 17
\BOOKMARK [2][-]{subsection.7.2}{Preliminaries}{section.7}% 18
\BOOKMARK [2][-]{subsection.7.3}{Synthetic Incremental Experiments}{section.7}% 19
\BOOKMARK [2][-]{subsection.7.4}{Benchmarks}{section.7}% 20
\BOOKMARK [1][-]{section.8}{Related Work}{}% 21
\BOOKMARK [1][-]{section.9}{Summary and discussion}{}% 22
\BOOKMARK [1][-]{section.10}{References}{}% 23
