This is pdfTeX, Version 3.14159265-2.6-1.40.16 (TeX Live 2015) (preloaded format=pdflatex 2015.5.24)  27 JAN 2016 15:02
entering extended mode
 restricted \write18 enabled.
 %&-line parsing enabled.
**main.tex
(./main.tex
LaTeX2e <2015/01/01>
Babel <3.9l> and hyphenation patterns for 79 languages loaded.
\@input{header.aux}
\openout2 = `header.aux'.

(./header.tex (./vldb.cls
(/usr/local/texlive/2015/texmf-dist/tex/latex/geometry/geometry.sty
Package: geometry 2010/09/12 v5.6 Page Geometry

(/usr/local/texlive/2015/texmf-dist/tex/latex/graphics/keyval.sty
Package: keyval 2014/10/28 v1.15 key=value parser (DPC)
\KV@toks@=\toks14
)
(/usr/local/texlive/2015/texmf-dist/tex/generic/oberdiek/ifpdf.sty
Package: ifpdf 2011/01/30 v2.3 Provides the ifpdf switch (HO)
Package ifpdf Info: pdfTeX in PDF mode is detected.
)
(/usr/local/texlive/2015/texmf-dist/tex/generic/oberdiek/ifvtex.sty
Package: ifvtex 2010/03/01 v1.5 Detect VTeX and its facilities (HO)
Package ifvtex Info: VTeX not detected.
)
(/usr/local/texlive/2015/texmf-dist/tex/generic/ifxetex/ifxetex.sty
Package: ifxetex 2010/09/12 v0.6 Provides ifxetex conditional
)
\Gm@cnth=\count79
\Gm@cntv=\count80
\c@Gm@tempcnt=\count81
\Gm@bindingoffset=\dimen102
\Gm@wd@mp=\dimen103
\Gm@odd@mp=\dimen104
\Gm@even@mp=\dimen105
\Gm@layoutwidth=\dimen106
\Gm@layoutheight=\dimen107
\Gm@layouthoffset=\dimen108
\Gm@layoutvoffset=\dimen109
\Gm@dimlist=\toks15
)
(/usr/local/texlive/2015/texmf-dist/tex/latex/graphics/epsfig.sty
Package: epsfig 1999/02/16 v1.7a (e)psfig emulation (SPQR)

(/usr/local/texlive/2015/texmf-dist/tex/latex/graphics/graphicx.sty
Package: graphicx 2014/10/28 v1.0g Enhanced LaTeX Graphics (DPC,SPQR)

(/usr/local/texlive/2015/texmf-dist/tex/latex/graphics/graphics.sty
Package: graphics 2014/10/28 v1.0p Standard LaTeX Graphics (DPC,SPQR)

(/usr/local/texlive/2015/texmf-dist/tex/latex/graphics/trig.sty
Package: trig 1999/03/16 v1.09 sin cos tan (DPC)
)
(/usr/local/texlive/2015/texmf-dist/tex/latex/latexconfig/graphics.cfg
File: graphics.cfg 2010/04/23 v1.9 graphics configuration of TeX Live
)
Package graphics Info: Driver file: pdftex.def on input line 94.

(/usr/local/texlive/2015/texmf-dist/tex/latex/pdftex-def/pdftex.def
File: pdftex.def 2011/05/27 v0.06d Graphics/color for pdfTeX

(/usr/local/texlive/2015/texmf-dist/tex/generic/oberdiek/infwarerr.sty
Package: infwarerr 2010/04/08 v1.3 Providing info/warning/error messages (HO)
)
(/usr/local/texlive/2015/texmf-dist/tex/generic/oberdiek/ltxcmds.sty
Package: ltxcmds 2011/11/09 v1.22 LaTeX kernel commands for general use (HO)
)
\Gread@gobject=\count82
))
\Gin@req@height=\dimen110
\Gin@req@width=\dimen111
)
\epsfxsize=\dimen112
\epsfysize=\dimen113
)
(/usr/local/texlive/2015/texmf-dist/tex/latex/amsfonts/amssymb.sty
Package: amssymb 2013/01/14 v3.01 AMS font symbols

(/usr/local/texlive/2015/texmf-dist/tex/latex/amsfonts/amsfonts.sty
Package: amsfonts 2013/01/14 v3.01 Basic AMSFonts support
\@emptytoks=\toks16
\symAMSa=\mathgroup4
\symAMSb=\mathgroup5
LaTeX Font Info:    Overwriting math alphabet `\mathfrak' in version `bold'
(Font)                  U/euf/m/n --> U/euf/b/n on input line 106.
))
(/usr/local/texlive/2015/texmf-dist/tex/latex/amsmath/amsmath.sty
Package: amsmath 2013/01/14 v2.14 AMS math features
\@mathmargin=\skip41

For additional information on amsmath, use the `?' option.
(/usr/local/texlive/2015/texmf-dist/tex/latex/amsmath/amstext.sty
Package: amstext 2000/06/29 v2.01

(/usr/local/texlive/2015/texmf-dist/tex/latex/amsmath/amsgen.sty
File: amsgen.sty 1999/11/30 v2.0
\@emptytoks=\toks17
\ex@=\dimen114
))
(/usr/local/texlive/2015/texmf-dist/tex/latex/amsmath/amsbsy.sty
Package: amsbsy 1999/11/29 v1.2d
\pmbraise@=\dimen115
)
(/usr/local/texlive/2015/texmf-dist/tex/latex/amsmath/amsopn.sty
Package: amsopn 1999/12/14 v2.01 operator names
)
\inf@bad=\count83
LaTeX Info: Redefining \frac on input line 210.
\uproot@=\count84
\leftroot@=\count85
LaTeX Info: Redefining \overline on input line 306.
\classnum@=\count86
\DOTSCASE@=\count87
LaTeX Info: Redefining \ldots on input line 378.
LaTeX Info: Redefining \dots on input line 381.
LaTeX Info: Redefining \cdots on input line 466.
\Mathstrutbox@=\box26
\strutbox@=\box27
\big@size=\dimen116
LaTeX Font Info:    Redeclaring font encoding OML on input line 566.
LaTeX Font Info:    Redeclaring font encoding OMS on input line 567.
\macc@depth=\count88
\c@MaxMatrixCols=\count89
\dotsspace@=\muskip10
\c@parentequation=\count90
\dspbrk@lvl=\count91
\tag@help=\toks18
\row@=\count92
\column@=\count93
\maxfields@=\count94
\andhelp@=\toks19
\eqnshift@=\dimen117
\alignsep@=\dimen118
\tagshift@=\dimen119
\tagwidth@=\dimen120
\totwidth@=\dimen121
\lineht@=\dimen122
\@envbody=\toks20
\multlinegap=\skip42
\multlinetaggap=\skip43
\mathdisplay@stack=\toks21
LaTeX Info: Redefining \[ on input line 2665.
LaTeX Info: Redefining \] on input line 2666.
)
Document Class 'vldb' - based on 'sig-alternate' <26th. July '05>. Modified by 
G.K.M. Tobin/Gerry Murray
Based in part upon document Style `acmconf' <22 May 89>. Hacked 4/91 by
shivers@cs.cmu.edu, 4/93 by theobald@cs.mcgill.ca
Excerpts were taken from (Journal Style) 'esub2acm.cls'.
****** Bugs/comments/suggestions/technicalities to Gerry Murray -- murray@hq.ac
m.org ******
Questions on the style, SIGS policies, etc. to Adrienne Griscti griscti@acm.org

\footheight=\dimen123
\@maxsep=\dimen124
\@dblmaxsep=\dimen125
\aucount=\count95
\originalaucount=\count96
\auwidth=\dimen126
\auskip=\dimen127
\auskipcount=\count97
\auskip=\dimen128
\allauboxes=\dimen129
\addauthors=\toks22
\addauflag=\count98
\subtitletext=\toks23
\savesection=\count99
\sectioncntr=\count100
\c@figure=\count101
\c@table=\count102
\titleboxnotes=\toks24
\titleboxnoteflag=\count103
Document Class: vldb 2010/10/19 - V1.8b - based on sig-alternate V1.8 - based o
n acmproc.cls V1.3 <Nov. 30 '99>
(/usr/local/texlive/2015/texmf-dist/tex/latex/base/latexsym.sty
Package: latexsym 1998/08/17 v2.2e Standard LaTeX package (lasy symbols)
\symlasy=\mathgroup6
LaTeX Font Info:    Overwriting symbol font `lasy' in version `bold'
(Font)                  U/lasy/m/n --> U/lasy/b/n on input line 52.
)
\@acmtitlebox=\box28
\titlenotecount=\count104
\tntoks=\toks25
\tntokstwo=\toks26
\tntoksthree=\toks27
\tntoksfour=\toks28
\tntoksfive=\toks29
\catcount=\count105
\copyrightnotice=\toks30
\conf=\toks31
\confinfo=\toks32
\c@part=\count106
\c@section=\count107
\c@subsection=\count108
\c@subsubsection=\count109
\c@paragraph=\count110

Using 'Abbrev' bibliography style
\bibindent=\dimen130
\colcntr=\count111
\savebox=\box29
\copyrtyr=\toks33
\acmcopyr=\toks34
\boilerplate=\toks35
\copyrightetc=\toks36
) (/usr/local/texlive/2015/texmf-dist/tex/latex/preprint/balance.sty
Package: balance 1999/02/23 4.3 (PWD)
\oldvsize=\dimen131
)
(/usr/local/texlive/2015/texmf-dist/tex/latex/url/url.sty
\Urlmuskip=\muskip11
Package: url 2013/09/16  ver 3.4  Verb mode for urls, etc.
)
(/usr/local/texlive/2015/texmf-dist/tex/latex/graphics/color.sty
Package: color 2014/10/28 v1.1a Standard LaTeX Color (DPC)

(/usr/local/texlive/2015/texmf-dist/tex/latex/latexconfig/color.cfg
File: color.cfg 2007/01/18 v1.5 color configuration of teTeX/TeXLive
)
Package color Info: Driver file: pdftex.def on input line 142.
)
(/usr/local/texlive/2015/texmf-dist/tex/latex/cancel/cancel.sty
Package: cancel 2013/04/12 v2.2 Cancel math terms
)
(/usr/local/texlive/2015/texmf-dist/tex/latex/listings/listings.sty
\lst@mode=\count112
\lst@gtempboxa=\box30
\lst@token=\toks37
\lst@length=\count113
\lst@currlwidth=\dimen132
\lst@column=\count114
\lst@pos=\count115
\lst@lostspace=\dimen133
\lst@width=\dimen134
\lst@newlines=\count116
\lst@lineno=\count117
\abovecaptionskip=\skip44
\belowcaptionskip=\skip45
\lst@maxwidth=\dimen135

(/usr/local/texlive/2015/texmf-dist/tex/latex/listings/lstmisc.sty
File: lstmisc.sty 2014/09/06 1.5e (Carsten Heinz)
\c@lstnumber=\count118
\lst@skipnumbers=\count119
\lst@framebox=\box31
)
(/usr/local/texlive/2015/texmf-dist/tex/latex/listings/listings.cfg
File: listings.cfg 2014/09/06 1.5e listings configuration
))
Package: listings 2014/09/06 1.5e (Carsten Heinz)

(/usr/local/texlive/2015/texmf-dist/tex/generic/ulem/ulem.sty
\UL@box=\box32
\UL@hyphenbox=\box33
\UL@skip=\skip46
\UL@hook=\toks38
\UL@height=\dimen136
\UL@pe=\count120
\UL@pixel=\dimen137
\ULC@box=\box34
Package: ulem 2012/05/18
\ULdepth=\dimen138
)
(/usr/local/texlive/2015/texmf-dist/tex/latex/caption/subcaption.sty
Package: subcaption 2013/02/03 v1.1-62 Sub-captions (AR)

(/usr/local/texlive/2015/texmf-dist/tex/latex/caption/caption.sty
Package: caption 2013/05/02 v3.3-89 Customizing captions (AR)

(/usr/local/texlive/2015/texmf-dist/tex/latex/caption/caption3.sty
Package: caption3 2013/05/02 v1.6-88 caption3 kernel (AR)
Package caption3 Info: TeX engine: e-TeX on input line 57.
\captionmargin=\dimen139
\captionmargin@=\dimen140
\captionwidth=\dimen141
\caption@tempdima=\dimen142
\caption@indent=\dimen143
\caption@parindent=\dimen144
\caption@hangindent=\dimen145
Package caption Info: Unknown document class (or package),
(caption)             standard defaults will be used.
)

Package caption Warning: Unsupported document class (or package) detected,
(caption)                usage of the caption package is not recommended.
See the caption package documentation for explanation.

Package caption Info: \@makecaption = \long macro:#1#2-> \vskip 10pt \setbox \@
tempboxa \hbox {\textbf {#1: #2}} \ifdim \wd \@tempboxa >\hsize \textbf {#1: #2
}\par \else \hbox to\hsize {\hfil \box \@tempboxa \hfil } \fi .
\c@ContinuedFloat=\count121
Package caption Info: listings package is loaded.
)
\c@subfigure=\count122
\c@subtable=\count123
) (/usr/local/texlive/2015/texmf-dist/tex/latex/booktabs/booktabs.sty
Package: booktabs 2005/04/14 v1.61803 publication quality tables
\heavyrulewidth=\dimen146
\lightrulewidth=\dimen147
\cmidrulewidth=\dimen148
\belowrulesep=\dimen149
\belowbottomsep=\dimen150
\aboverulesep=\dimen151
\abovetopsep=\dimen152
\cmidrulesep=\dimen153
\cmidrulekern=\dimen154
\defaultaddspace=\dimen155
\@cmidla=\count124
\@cmidlb=\count125
\@aboverulesep=\dimen156
\@belowrulesep=\dimen157
\@thisruleclass=\count126
\@lastruleclass=\count127
\@thisrulewidth=\dimen158
)
(./algorithm2e.sty
Package: algorithm2e 2005/10/04 v3.9 algorithms environments
\c@AlgoLine=\count128

(/usr/local/texlive/2015/texmf-dist/tex/latex/base/ifthen.sty
Package: ifthen 2014/09/29 v1.1c Standard LaTeX ifthen package (DPC)
)
(/usr/local/texlive/2015/texmf-dist/tex/latex/tools/xspace.sty
Package: xspace 2014/10/28 v1.13 Space after command names (DPC,MH)
)
********************************************************
Package `algorithm2e' Release 3.9 -- october 04 2005 --
- algorithm2e-announce@lirmm.fr mailing list for announcement about releases
- algorithm2e-discussion@lirmm.fr mailing list for discussion about package
subscribe by emailing sympa@lirmm.fr with 'subscribe <list> <firstname name>'
- Author: Christophe Fiorio (fiorio@lirmm.fr)
********************************************************
\skiptotal=\skip47
\skiprule=\skip48
\skiphlne=\skip49
\skiptext=\skip50
\skiplength=\skip51
\algomargin=\skip52
\skipalgocfslide=\skip53
\algowidth=\dimen159
\inoutsize=\dimen160
\inoutline=\dimen161
\algocf@inoutbox=\box35
\algocf@inputbox=\box36
\AlCapSkip=\skip54
\AlCapHSkip=\skip55
\algocf@capbox=\box37
\c@algocfline=\count129
\c@algocf=\count130
\algocf@algoframe=\box38
\algocf@algobox=\box39
) (./algorithmic.sty
Package: algorithmic 

Document Style `algorithmic' - environment
(/usr/local/texlive/2015/texmf-dist/tex/latex/tools/calc.sty
Package: calc 2014/10/28 v4.3 Infix arithmetic (KKT,FJ)
\calc@Acount=\count131
\calc@Bcount=\count132
\calc@Adimen=\dimen162
\calc@Bdimen=\dimen163
\calc@Askip=\skip56
\calc@Bskip=\skip57
LaTeX Info: Redefining \setlength on input line 80.
LaTeX Info: Redefining \addtolength on input line 81.
\calc@Ccount=\count133
\calc@Cskip=\skip58
)
\c@ALC@line=\count134
\c@ALC@rem=\count135
\c@ALC@depth=\count136
\ALC@tlm=\skip59
)
(/usr/local/texlive/2015/texmf-dist/tex/latex/wrapfig/wrapfig.sty
\wrapoverhang=\dimen164
\WF@size=\dimen165
\c@WF@wrappedlines=\count137
\WF@box=\box40
\WF@everypar=\toks39
Package: wrapfig 2003/01/31  v 3.6
)
(/usr/local/texlive/2015/texmf-dist/tex/latex/enumitem/enumitem.sty
Package: enumitem 2011/09/28 v3.5.2 Customized lists
\labelindent=\skip60
\enit@outerparindent=\dimen166
\enit@toks=\toks40
\enit@inbox=\box41
\enitdp@description=\count138
)
(/usr/local/texlive/2015/texmf-dist/tex/latex/xcolor/xcolor.sty
Package: xcolor 2007/01/21 v2.11 LaTeX color extensions (UK)

(/usr/local/texlive/2015/texmf-dist/tex/latex/latexconfig/color.cfg
File: color.cfg 2007/01/18 v1.5 color configuration of teTeX/TeXLive
)
Package xcolor Info: Driver file: pdftex.def on input line 225.
LaTeX Info: Redefining \color on input line 702.
Package xcolor Info: Model `cmy' substituted by `cmy0' on input line 1337.
Package xcolor Info: Model `hsb' substituted by `rgb' on input line 1341.
Package xcolor Info: Model `RGB' extended on input line 1353.
Package xcolor Info: Model `HTML' substituted by `rgb' on input line 1355.
Package xcolor Info: Model `Hsb' substituted by `hsb' on input line 1356.
Package xcolor Info: Model `tHsb' substituted by `hsb' on input line 1357.
Package xcolor Info: Model `HSB' substituted by `hsb' on input line 1358.
Package xcolor Info: Model `Gray' substituted by `gray' on input line 1359.
Package xcolor Info: Model `wave' substituted by `hsb' on input line 1360.
)
(/usr/local/texlive/2015/texmf-dist/tex/latex/colortbl/colortbl.sty
Package: colortbl 2012/02/13 v1.0a Color table columns (DPC)

(/usr/local/texlive/2015/texmf-dist/tex/latex/tools/array.sty
Package: array 2014/10/28 v2.4c Tabular extension package (FMi)
\col@sep=\dimen167
\extrarowheight=\dimen168
\NC@list=\toks41
\extratabsurround=\skip61
\backup@length=\skip62
)
\everycr=\toks42
\minrowclearance=\skip63
)
(/usr/local/texlive/2015/texmf-dist/tex/latex/base/fontenc.sty
Package: fontenc 2005/09/27 v1.99g Standard LaTeX package

(/usr/local/texlive/2015/texmf-dist/tex/latex/base/t1enc.def
File: t1enc.def 2005/09/27 v1.99g Standard LaTeX file
LaTeX Font Info:    Redeclaring font encoding T1 on input line 48.
))
(/usr/local/texlive/2015/texmf-dist/tex/latex/cite/cite.sty
LaTeX Info: Redefining \cite on input line 302.
LaTeX Info: Redefining \nocite on input line 332.
Package: cite 2015/02/27  v 5.5
)
(/usr/local/texlive/2015/texmf-dist/tex/latex/microtype/microtype.sty
Package: microtype 2013/05/23 v2.5a Micro-typographical refinements (RS)
\MT@toks=\toks43
\MT@count=\count139
LaTeX Info: Redefining \textls on input line 766.
\MT@outer@kern=\dimen169
LaTeX Info: Redefining \textmicrotypecontext on input line 1285.
\MT@listname@count=\count140

(/usr/local/texlive/2015/texmf-dist/tex/latex/microtype/microtype-pdftex.def
File: microtype-pdftex.def 2013/05/23 v2.5a Definitions specific to pdftex (RS)

LaTeX Info: Redefining \lsstyle on input line 915.
LaTeX Info: Redefining \lslig on input line 915.
\MT@outer@space=\skip64
)
Package microtype Info: Loading configuration file microtype.cfg.

(/usr/local/texlive/2015/texmf-dist/tex/latex/microtype/microtype.cfg
File: microtype.cfg 2013/05/23 v2.5a microtype main configuration file (RS)
))
\c@definition=\count141
\c@dimension=\count142
\c@prob=\count143
)
LaTeX Info: Redefining \textsubscript on input line 36.

(./main.aux)
\openout1 = `main.aux'.

LaTeX Font Info:    Checking defaults for OML/cmm/m/it on input line 50.
LaTeX Font Info:    ... okay on input line 50.
LaTeX Font Info:    Checking defaults for T1/cmr/m/n on input line 50.
LaTeX Font Info:    ... okay on input line 50.
LaTeX Font Info:    Checking defaults for OT1/cmr/m/n on input line 50.
LaTeX Font Info:    ... okay on input line 50.
LaTeX Font Info:    Checking defaults for OMS/cmsy/m/n on input line 50.
LaTeX Font Info:    ... okay on input line 50.
LaTeX Font Info:    Checking defaults for OMX/cmex/m/n on input line 50.
LaTeX Font Info:    ... okay on input line 50.
LaTeX Font Info:    Checking defaults for U/cmr/m/n on input line 50.
LaTeX Font Info:    ... okay on input line 50.

*geometry* detected driver: pdftex
*geometry* verbose mode - [ preamble ] result:
* driver: pdftex
* paper: letterpaper
* layout: <same size as paper>
* layoutoffset:(h,v)=(0.0pt,0.0pt)
* modes: twoside 
* h-part:(L,W,R)=(92.14519pt, 430.00462pt, 92.14519pt)
* v-part:(T,H,B)=(95.39737pt, 556.47656pt, 143.09605pt)
* \paperwidth=614.295pt
* \paperheight=794.96999pt
* \textwidth=504.0pt
* \textheight=666.0pt
* \oddsidemargin=-18.26999pt
* \evensidemargin=-18.26999pt
* \topmargin=-55.26999pt
* \headheight=12.0pt
* \headsep=25.0pt
* \topskip=10.0pt
* \footskip=30.0pt
* \marginparwidth=0.0pt
* \marginparsep=11.0pt
* \columnsep=24.0pt
* \skip\footins=8.1pt plus 4.0pt minus 2.0pt
* \hoffset=0.0pt
* \voffset=0.0pt
* \mag=1000
* \@twocolumntrue
* \@twosidetrue
* \@mparswitchtrue
* \@reversemarginfalse
* (1in=72.27pt=25.4mm, 1cm=28.453pt)

(/usr/local/texlive/2015/texmf-dist/tex/context/base/supp-pdf.mkii
[Loading MPS to PDF converter (version 2006.09.02).]
\scratchcounter=\count144
\scratchdimen=\dimen170
\scratchbox=\box42
\nofMPsegments=\count145
\nofMParguments=\count146
\everyMPshowfont=\toks44
\MPscratchCnt=\count147
\MPscratchDim=\dimen171
\MPnumerator=\count148
\makeMPintoPDFobject=\count149
\everyMPtoPDFconversion=\toks45
) (/usr/local/texlive/2015/texmf-dist/tex/generic/oberdiek/pdftexcmds.sty
Package: pdftexcmds 2011/11/29 v0.20 Utility functions of pdfTeX for LuaTeX (HO
)

(/usr/local/texlive/2015/texmf-dist/tex/generic/oberdiek/ifluatex.sty
Package: ifluatex 2010/03/01 v1.3 Provides the ifluatex switch (HO)
Package ifluatex Info: LuaTeX not detected.
)
Package pdftexcmds Info: LuaTeX not detected.
Package pdftexcmds Info: \pdf@primitive is available.
Package pdftexcmds Info: \pdf@ifprimitive is available.
Package pdftexcmds Info: \pdfdraftmode found.
)
(/usr/local/texlive/2015/texmf-dist/tex/latex/oberdiek/epstopdf-base.sty
Package: epstopdf-base 2010/02/09 v2.5 Base part for package epstopdf

(/usr/local/texlive/2015/texmf-dist/tex/latex/oberdiek/grfext.sty
Package: grfext 2010/08/19 v1.1 Manage graphics extensions (HO)

(/usr/local/texlive/2015/texmf-dist/tex/generic/oberdiek/kvdefinekeys.sty
Package: kvdefinekeys 2011/04/07 v1.3 Define keys (HO)
))
(/usr/local/texlive/2015/texmf-dist/tex/latex/oberdiek/kvoptions.sty
Package: kvoptions 2011/06/30 v3.11 Key value format for package options (HO)

(/usr/local/texlive/2015/texmf-dist/tex/generic/oberdiek/kvsetkeys.sty
Package: kvsetkeys 2012/04/25 v1.16 Key value parser (HO)

(/usr/local/texlive/2015/texmf-dist/tex/generic/oberdiek/etexcmds.sty
Package: etexcmds 2011/02/16 v1.5 Avoid name clashes with e-TeX commands (HO)
Package etexcmds Info: Could not find \expanded.
(etexcmds)             That can mean that you are not using pdfTeX 1.50 or
(etexcmds)             that some package has redefined \expanded.
(etexcmds)             In the latter case, load this package earlier.
)))
Package grfext Info: Graphics extension search list:
(grfext)             [.png,.pdf,.jpg,.mps,.jpeg,.jbig2,.jb2,.PNG,.PDF,.JPG,.JPE
G,.JBIG2,.JB2,.eps]
(grfext)             \AppendGraphicsExtensions on input line 452.

(/usr/local/texlive/2015/texmf-dist/tex/latex/latexconfig/epstopdf-sys.cfg
File: epstopdf-sys.cfg 2010/07/13 v1.3 Configuration of (r)epstopdf for TeX Liv
e
))
\c@lstlisting=\count150
Package caption Info: Begin \AtBeginDocument code.
Package caption Info: wrapfig package is loaded.
Package caption Info: End \AtBeginDocument code.
LaTeX Info: Redefining \microtypecontext on input line 50.
Package microtype Info: Generating PDF output.
Package microtype Info: Character protrusion enabled (level 2).
Package microtype Info: Using default protrusion set `alltext'.
Package microtype Info: Automatic font expansion enabled (level 2),
(microtype)             stretch: 20, shrink: 20, step: 1, non-selected.
Package microtype Info: Using default expansion set `basictext'.
Package microtype Info: No adjustment of tracking.
Package microtype Info: No adjustment of interword spacing.
Package microtype Info: No adjustment of character kerning.

(/usr/local/texlive/2015/texmf-dist/tex/latex/microtype/mt-cmr.cfg
File: mt-cmr.cfg 2013/05/19 v2.2 microtype config. file: Computer Modern Roman 
(RS)
)
LaTeX Font Info:    Try loading font information for U+msa on input line 74.

(/usr/local/texlive/2015/texmf-dist/tex/latex/amsfonts/umsa.fd
File: umsa.fd 2013/01/14 v3.01 AMS symbols A
)
(/usr/local/texlive/2015/texmf-dist/tex/latex/microtype/mt-msa.cfg
File: mt-msa.cfg 2006/02/04 v1.1 microtype config. file: AMS symbols (a) (RS)
)
LaTeX Font Info:    Try loading font information for U+msb on input line 74.

(/usr/local/texlive/2015/texmf-dist/tex/latex/amsfonts/umsb.fd
File: umsb.fd 2013/01/14 v3.01 AMS symbols B
)
(/usr/local/texlive/2015/texmf-dist/tex/latex/microtype/mt-msb.cfg
File: mt-msb.cfg 2005/06/01 v1.0 microtype config. file: AMS symbols (b) (RS)
)
LaTeX Font Info:    Try loading font information for U+lasy on input line 74.

(/usr/local/texlive/2015/texmf-dist/tex/latex/base/ulasy.fd
File: ulasy.fd 1998/08/17 v2.2e LaTeX symbol font definitions
) (./scaffold.tex
(./content/01-introduction.tex [1{/usr/local/texlive/2015/texmf-var/fonts/map/p
dftex/updmap/pdftex.map}



Non-PDF special ignored!


]
<figures/architecture.pdf, id=14, 584.1825pt x 372.39125pt>
File: figures/architecture.pdf Graphic file (type pdf)

<use figures/architecture.pdf>
Package pdftex.def Info: figures/architecture.pdf used on input line 166.
(pdftex.def)             Requested size: 204.46693pt x 130.33888pt.
) (./content/xx-problem.tex
(./content/example2.tex
Overfull \hbox (2.42755pt too wide) in paragraph at lines 7--19
 [][] 
 []


Overfull \hbox (6.94295pt too wide) in paragraph at lines 27--27
[]|$\OML/cmm/m/it/9 q[]$\T1/cmr/m/n/9 (-20) :| 
 []

LaTeX Font Info:    Try loading font information for T1+cmtt on input line 27.
(/usr/local/texlive/2015/texmf-dist/tex/latex/base/t1cmtt.fd
File: t1cmtt.fd 2014/09/29 v2.5h Standard LaTeX font definitions
)
Package microtype Info: Loading generic settings for font family
(microtype)             `cmtt' (encoding: T1).
(microtype)             For optimal results, create family-specific settings.
(microtype)             See the microtype manual for details.

Overfull \hbox (6.94295pt too wide) in paragraph at lines 30--30
[]|$\OML/cmm/m/it/9 q[]$\T1/cmr/m/n/9 (-20) :| 
 []


Overfull \hbox (6.94295pt too wide) in paragraph at lines 33--33
[]|$\OML/cmm/m/it/9 q[]$\T1/cmr/m/n/9 (-20) :| 
 []


Overfull \hbox (2.42755pt too wide) in paragraph at lines 40--54
 [][] 
 []

)
Overfull \hbox (2.43481pt too wide) in paragraph at lines 14--33
[]\T1/cmr/m/it/9 (-20) Figure 2[] demon-strates an ex-am-ple tax bracket
 []

[2 <./figures/architecture.pdf>] (./content/notations.tex
Overfull \hbox (6.52013pt too wide) in paragraph at lines 5--24
 [][] 
 []

) [3]
Overfull \hbox (10.58975pt too wide) in paragraph at lines 148--154
\T1/cmr/m/n/9 (-20) where $\OML/cmm/m/it/9 t[] \OT1/cmr/m/n/9 (-20) = (86000\OM
L/cmm/m/it/9 ; \OT1/cmr/m/n/9 (-20) 21500\OML/cmm/m/it/9 ; \OT1/cmr/m/n/9 (-20)
 64500)$ \T1/cmr/m/n/9 (-20) and $\OML/cmm/m/it/9 t[] \OT1/cmr/m/n/9 (-20) = (8
6500\OML/cmm/m/it/9 ; \OT1/cmr/m/n/9 (-20) 21625\OML/cmm/m/it/9 ; \OT1/cmr/m/n/
9 (-20) 64875)$\T1/cmr/m/n/9 (-20) .
 []

) (./content/xx-solutions.tex [4]
Overfull \hbox (9.0pt too wide) detected at line 286
[][]
 []

) (./content/xx-objective.tex [5]) (./content/xx-optimizations.tex
<figures/qsize_time_badscale.png, id=75, 1263.72125pt x 631.35875pt>
File: figures/qsize_time_badscale.png Graphic file (type png)

<use figures/qsize_time_badscale.png>
Package pdftex.def Info: figures/qsize_time_badscale.png used on input line 37.

(pdftex.def)             Requested size: 176.40308pt x 88.1295pt.

<figures/2nditerationgroups.pdf, id=77, 392.46625pt x 151.56625pt>
File: figures/2nditerationgroups.pdf Graphic file (type pdf)

<use figures/2nditerationgroups.pdf>
Package pdftex.def Info: figures/2nditerationgroups.pdf used on input line 66.
(pdftex.def)             Requested size: 176.40308pt x 68.12553pt.

Underfull \vbox (badness 2096) has occurred while \output is active []

 [6 <./figures/qsize_time_badscale.png> <./figures/2nditerationgroups.pdf>]
Overfull \hbox (10.06895pt too wide) in paragraph at lines 192--193
[]\T1/cmr/m/it/9 (-20) The set
 []


Overfull \hbox (9.42406pt too wide) in paragraph at lines 198--203
[]\T1/cmr/m/it/9 (-20) Query
 []


Overfull \hbox (9.0pt too wide) detected at line 225
[][]
 []


Overfull \hbox (9.0pt too wide) detected at line 273
[][]
 []

) (./content/xx-noise.tex [7]) (./content/xx-experiments.tex
<figures/multi_time.png, id=105, 1263.72125pt x 631.35875pt>
File: figures/multi_time.png Graphic file (type png)

<use figures/multi_time.png>
Package pdftex.def Info: figures/multi_time.png used on input line 11.
(pdftex.def)             Requested size: 164.65862pt x 82.26256pt.

Underfull \hbox (badness 10000) in paragraph at lines 11--13
[][]
 []

<figures/incrementalcompare_time.png, id=106, 1263.72125pt x 631.35875pt>
File: figures/incrementalcompare_time.png Graphic file (type png)

<use figures/incrementalcompare_time.png>
Package pdftex.def Info: figures/incrementalcompare_time.png used on input line
 17.
(pdftex.def)             Requested size: 164.65862pt x 82.26256pt.

Underfull \hbox (badness 10000) in paragraph at lines 17--19
[][]
 []

<figures/indelup_time.png, id=107, 1263.72125pt x 631.35875pt>
File: figures/indelup_time.png Graphic file (type png)

<use figures/indelup_time.png>
Package pdftex.def Info: figures/indelup_time.png used on input line 23.
(pdftex.def)             Requested size: 164.65862pt x 82.26256pt.

Underfull \hbox (badness 10000) in paragraph at lines 23--25
[][]
 []

<figures/multi_pr.png, id=108, 1263.72125pt x 631.35875pt>
File: figures/multi_pr.png Graphic file (type png)

<use figures/multi_pr.png>
Package pdftex.def Info: figures/multi_pr.png used on input line 32.
(pdftex.def)             Requested size: 164.65862pt x 82.26256pt.

Underfull \hbox (badness 10000) in paragraph at lines 32--34
[][]
 []

<figures/incrementalcompare_acc.png, id=109, 1263.72125pt x 631.35875pt>
File: figures/incrementalcompare_acc.png Graphic file (type png)

<use figures/incrementalcompare_acc.png>
Package pdftex.def Info: figures/incrementalcompare_acc.png used on input line 
38.
(pdftex.def)             Requested size: 164.65862pt x 82.26256pt.

Underfull \hbox (badness 10000) in paragraph at lines 38--40
[][]
 []

<figures/indelup_pr.png, id=110, 1263.72125pt x 631.35875pt>
File: figures/indelup_pr.png Graphic file (type png)

<use figures/indelup_pr.png>
Package pdftex.def Info: figures/indelup_pr.png used on input line 44.
(pdftex.def)             Requested size: 164.65862pt x 82.26256pt.

Underfull \hbox (badness 10000) in paragraph at lines 44--46
[][]
 []


LaTeX Warning: `h' float specifier changed to `ht'.

[8]
Underfull \vbox (badness 10000) has occurred while \output is active []


<figures/attr_time.png, id=114, 1897.0875pt x 631.35875pt>
File: figures/attr_time.png Graphic file (type png)

<use figures/attr_time.png>
Package pdftex.def Info: figures/attr_time.png used on input line 264.
(pdftex.def)             Requested size: 244.49449pt x 81.36661pt.

<figures/attr100_time.png, id=115, 1897.0875pt x 631.35875pt>
File: figures/attr100_time.png Graphic file (type png)

<use figures/attr100_time.png>
Package pdftex.def Info: figures/attr100_time.png used on input line 270.
(pdftex.def)             Requested size: 244.49449pt x 81.36661pt.


LaTeX Warning: `h' float specifier changed to `ht'.

[9 <./figures/multi_time.png> <./figures/incrementalcompare_time.png> <./figure
s/indelup_time.png> <./figures/multi_pr.png> <./figures/incrementalcompare_acc.
png> <./figures/indelup_pr.png>]
<figures/dbsize_time.png, id=125, 1263.72125pt x 631.35875pt>
File: figures/dbsize_time.png Graphic file (type png)

<use figures/dbsize_time.png>
Package pdftex.def Info: figures/dbsize_time.png used on input line 324.
(pdftex.def)             Requested size: 164.65862pt x 82.26256pt.

Underfull \hbox (badness 10000) in paragraph at lines 324--326
[][]
 []

<figures/pointrelv_time.png, id=126, 1263.72125pt x 631.35875pt>
File: figures/pointrelv_time.png Graphic file (type png)

<use figures/pointrelv_time.png>
Package pdftex.def Info: figures/pointrelv_time.png used on input line 330.
(pdftex.def)             Requested size: 164.65862pt x 82.26256pt.

Underfull \hbox (badness 10000) in paragraph at lines 330--332
[][]
 []

<figures/noise_fn_time.png, id=127, 1263.72125pt x 631.35875pt>
File: figures/noise_fn_time.png Graphic file (type png)

<use figures/noise_fn_time.png>
Package pdftex.def Info: figures/noise_fn_time.png used on input line 336.
(pdftex.def)             Requested size: 164.65862pt x 82.26256pt.

Underfull \hbox (badness 10000) in paragraph at lines 336--338
[][]
 []

<figures/skew_time.png, id=128, 1263.72125pt x 631.35875pt>
File: figures/skew_time.png Graphic file (type png)

<use figures/skew_time.png>
Package pdftex.def Info: figures/skew_time.png used on input line 345.
(pdftex.def)             Requested size: 164.65862pt x 82.26256pt.

Underfull \hbox (badness 10000) in paragraph at lines 345--347
[][]
 []

<figures/where_time.png, id=129, 1263.72125pt x 631.35875pt>
File: figures/where_time.png Graphic file (type png)

<use figures/where_time.png>
Package pdftex.def Info: figures/where_time.png used on input line 351.
(pdftex.def)             Requested size: 164.65862pt x 82.26256pt.

Underfull \hbox (badness 10000) in paragraph at lines 351--353
[][]
 []

<figures/noise_fn_acc.png, id=130, 1263.72125pt x 631.35875pt>
File: figures/noise_fn_acc.png Graphic file (type png)

<use figures/noise_fn_acc.png>
Package pdftex.def Info: figures/noise_fn_acc.png used on input line 357.
(pdftex.def)             Requested size: 164.65862pt x 82.26256pt.

Underfull \hbox (badness 10000) in paragraph at lines 357--359
[][]
 []


LaTeX Warning: `h' float specifier changed to `ht'.


Underfull \vbox (badness 10000) has occurred while \output is active []


Underfull \vbox (badness 8019) has occurred while \output is active []

 [10 <./figures/attr_time.png> <./figures/attr100_time.png>]
<figures/benchmark_time.png, id=136, 1263.72125pt x 631.35875pt>
File: figures/benchmark_time.png Graphic file (type png)

<use figures/benchmark_time.png>
Package pdftex.def Info: figures/benchmark_time.png used on input line 468.
(pdftex.def)             Requested size: 180.0pt x 89.92139pt.
) (./content/xx-related-full.tex
Underfull \vbox (badness 10000) has occurred while \output is active []

 [11 <./figures/dbsize_time.png> <./figures/pointrelv_time.png> <./figures/nois
e_fn_time.png> <./figures/skew_time.png> <./figures/where_time.png> <./figures/
noise_fn_acc.png> <./figures/benchmark_time.png>]) (./content/xx-discussion.tex
)
(./main.bbl [12]
Underfull \vbox (badness 10000) has occurred while \output is active []

))
Overfull \vbox (1.62424pt too high) has occurred while \output is active []


[13] (./main.aux) ) 
Here is how much of TeX's memory you used:
 10001 strings out of 493089
 146693 string characters out of 6134842
 290551 words of memory out of 5000000
 13038 multiletter control sequences out of 15000+600000
 46357 words of font info for 181 fonts, out of 8000000 for 9000
 1141 hyphenation exceptions out of 8191
 46i,14n,42p,653b,641s stack positions out of 5000i,500n,10000p,200000b,80000s
{/usr/local/texlive/2015/texmf-dist/fonts/enc/dvips/cm-super
/cm-super-t1.enc}{/usr/local/texlive/2015/texmf-dist/fonts/enc/dvips/base/8r.en
c}</usr/local/texlive/2015/texmf-dist/fonts/type1/public/amsfonts/cmextra/cmex9
.pfb></usr/local/texlive/2015/texmf-dist/fonts/type1/public/amsfonts/cm/cmmi5.p
fb></usr/local/texlive/2015/texmf-dist/fonts/type1/public/amsfonts/cm/cmmi6.pfb
></usr/local/texlive/2015/texmf-dist/fonts/type1/public/amsfonts/cm/cmmi7.pfb><
/usr/local/texlive/2015/texmf-dist/fonts/type1/public/amsfonts/cm/cmmi8.pfb></u
sr/local/texlive/2015/texmf-dist/fonts/type1/public/amsfonts/cm/cmmi9.pfb></usr
/local/texlive/2015/texmf-dist/fonts/type1/public/amsfonts/cm/cmr5.pfb></usr/lo
cal/texlive/2015/texmf-dist/fonts/type1/public/amsfonts/cm/cmr6.pfb></usr/local
/texlive/2015/texmf-dist/fonts/type1/public/amsfonts/cm/cmr7.pfb></usr/local/te
xlive/2015/texmf-dist/fonts/type1/public/amsfonts/cm/cmr8.pfb></usr/local/texli
ve/2015/texmf-dist/fonts/type1/public/amsfonts/cm/cmr9.pfb></usr/local/texlive/
2015/texmf-dist/fonts/type1/public/amsfonts/cm/cmsy5.pfb></usr/local/texlive/20
15/texmf-dist/fonts/type1/public/amsfonts/cm/cmsy6.pfb></usr/local/texlive/2015
/texmf-dist/fonts/type1/public/amsfonts/cm/cmsy7.pfb></usr/local/texlive/2015/t
exmf-dist/fonts/type1/public/amsfonts/cm/cmsy8.pfb></usr/local/texlive/2015/tex
mf-dist/fonts/type1/public/amsfonts/cm/cmsy9.pfb></usr/local/texlive/2015/texmf
-dist/fonts/type1/public/cm-super/sfbi0900.pfb></usr/local/texlive/2015/texmf-d
ist/fonts/type1/public/cm-super/sfbx0700.pfb></usr/local/texlive/2015/texmf-dis
t/fonts/type1/public/cm-super/sfbx0800.pfb></usr/local/texlive/2015/texmf-dist/
fonts/type1/public/cm-super/sfbx0900.pfb></usr/local/texlive/2015/texmf-dist/fo
nts/type1/public/cm-super/sfbx1200.pfb></usr/local/texlive/2015/texmf-dist/font
s/type1/public/cm-super/sfbx1728.pfb></usr/local/texlive/2015/texmf-dist/fonts/
type1/public/cm-super/sfcc0900.pfb></usr/local/texlive/2015/texmf-dist/fonts/ty
pe1/public/cm-super/sfit0900.pfb></usr/local/texlive/2015/texmf-dist/fonts/type
1/public/cm-super/sfrm0600.pfb></usr/local/texlive/2015/texmf-dist/fonts/type1/
public/cm-super/sfrm0700.pfb></usr/local/texlive/2015/texmf-dist/fonts/type1/pu
blic/cm-super/sfrm0800.pfb></usr/local/texlive/2015/texmf-dist/fonts/type1/publ
ic/cm-super/sfrm0900.pfb></usr/local/texlive/2015/texmf-dist/fonts/type1/public
/cm-super/sfti0900.pfb></usr/local/texlive/2015/texmf-dist/fonts/type1/public/c
m-super/sftt0800.pfb></usr/local/texlive/2015/texmf-dist/fonts/type1/public/cm-
super/sftt0900.pfb></usr/local/texlive/2015/texmf-dist/fonts/type1/urw/helvetic
/uhvb8a.pfb></usr/local/texlive/2015/texmf-dist/fonts/type1/urw/helvetic/uhvr8a
.pfb></usr/local/texlive/2015/texmf-dist/fonts/type1/urw/times/utmb8a.pfb></usr
/local/texlive/2015/texmf-dist/fonts/type1/urw/times/utmri8a.pfb>
Output written on main.pdf (13 pages, 1602923 bytes).
PDF statistics:
 265 PDF objects out of 1000 (max. 8388607)
 170 compressed objects within 2 object streams
 0 named destinations out of 1000 (max. 500000)
 24155 words of extra memory for PDF output out of 24883 (max. 10000000)

