This is pdfTeX, Version 3.14159265-2.6-1.40.16 (TeX Live 2015) (preloaded format=pdflatex 2015.5.24)  24 OCT 2016 14:38
entering extended mode
 restricted \write18 enabled.
 %&-line parsing enabled.
**main.tex
(./main.tex
LaTeX2e <2015/01/01>
Babel <3.9l> and hyphenation patterns for 79 languages loaded.
(./vldb.cls (/usr/local/texlive/2015/texmf-dist/tex/latex/geometry/geometry.sty
Package: geometry 2010/09/12 v5.6 Page Geometry
(/usr/local/texlive/2015/texmf-dist/tex/latex/graphics/keyval.sty
Package: keyval 2014/10/28 v1.15 key=value parser (DPC)
\KV@toks@=\toks14
)
(/usr/local/texlive/2015/texmf-dist/tex/generic/oberdiek/ifpdf.sty
Package: ifpdf 2011/01/30 v2.3 Provides the ifpdf switch (HO)
Package ifpdf Info: pdfTeX in PDF mode is detected.
)
(/usr/local/texlive/2015/texmf-dist/tex/generic/oberdiek/ifvtex.sty
Package: ifvtex 2010/03/01 v1.5 Detect VTeX and its facilities (HO)
Package ifvtex Info: VTeX not detected.
)
(/usr/local/texlive/2015/texmf-dist/tex/generic/ifxetex/ifxetex.sty
Package: ifxetex 2010/09/12 v0.6 Provides ifxetex conditional
)
\Gm@cnth=\count79
\Gm@cntv=\count80
\c@Gm@tempcnt=\count81
\Gm@bindingoffset=\dimen102
\Gm@wd@mp=\dimen103
\Gm@odd@mp=\dimen104
\Gm@even@mp=\dimen105
\Gm@layoutwidth=\dimen106
\Gm@layoutheight=\dimen107
\Gm@layouthoffset=\dimen108
\Gm@layoutvoffset=\dimen109
\Gm@dimlist=\toks15
)
(/usr/local/texlive/2015/texmf-dist/tex/latex/graphics/epsfig.sty
Package: epsfig 1999/02/16 v1.7a (e)psfig emulation (SPQR)

(/usr/local/texlive/2015/texmf-dist/tex/latex/graphics/graphicx.sty
Package: graphicx 2014/10/28 v1.0g Enhanced LaTeX Graphics (DPC,SPQR)

(/usr/local/texlive/2015/texmf-dist/tex/latex/graphics/graphics.sty
Package: graphics 2014/10/28 v1.0p Standard LaTeX Graphics (DPC,SPQR)

(/usr/local/texlive/2015/texmf-dist/tex/latex/graphics/trig.sty
Package: trig 1999/03/16 v1.09 sin cos tan (DPC)
)
(/usr/local/texlive/2015/texmf-dist/tex/latex/latexconfig/graphics.cfg
File: graphics.cfg 2010/04/23 v1.9 graphics configuration of TeX Live
)
Package graphics Info: Driver file: pdftex.def on input line 94.

(/usr/local/texlive/2015/texmf-dist/tex/latex/pdftex-def/pdftex.def
File: pdftex.def 2011/05/27 v0.06d Graphics/color for pdfTeX

(/usr/local/texlive/2015/texmf-dist/tex/generic/oberdiek/infwarerr.sty
Package: infwarerr 2010/04/08 v1.3 Providing info/warning/error messages (HO)
)
(/usr/local/texlive/2015/texmf-dist/tex/generic/oberdiek/ltxcmds.sty
Package: ltxcmds 2011/11/09 v1.22 LaTeX kernel commands for general use (HO)
)
\Gread@gobject=\count82
))
\Gin@req@height=\dimen110
\Gin@req@width=\dimen111
)
\epsfxsize=\dimen112
\epsfysize=\dimen113
)
(/usr/local/texlive/2015/texmf-dist/tex/latex/amsfonts/amssymb.sty
Package: amssymb 2013/01/14 v3.01 AMS font symbols

(/usr/local/texlive/2015/texmf-dist/tex/latex/amsfonts/amsfonts.sty
Package: amsfonts 2013/01/14 v3.01 Basic AMSFonts support
\@emptytoks=\toks16
\symAMSa=\mathgroup4
\symAMSb=\mathgroup5
LaTeX Font Info:    Overwriting math alphabet `\mathfrak' in version `bold'
(Font)                  U/euf/m/n --> U/euf/b/n on input line 106.
))
(/usr/local/texlive/2015/texmf-dist/tex/latex/amsmath/amsmath.sty
Package: amsmath 2013/01/14 v2.14 AMS math features
\@mathmargin=\skip41

For additional information on amsmath, use the `?' option.
(/usr/local/texlive/2015/texmf-dist/tex/latex/amsmath/amstext.sty
Package: amstext 2000/06/29 v2.01

(/usr/local/texlive/2015/texmf-dist/tex/latex/amsmath/amsgen.sty
File: amsgen.sty 1999/11/30 v2.0
\@emptytoks=\toks17
\ex@=\dimen114
))
(/usr/local/texlive/2015/texmf-dist/tex/latex/amsmath/amsbsy.sty
Package: amsbsy 1999/11/29 v1.2d
\pmbraise@=\dimen115
)
(/usr/local/texlive/2015/texmf-dist/tex/latex/amsmath/amsopn.sty
Package: amsopn 1999/12/14 v2.01 operator names
)
\inf@bad=\count83
LaTeX Info: Redefining \frac on input line 210.
\uproot@=\count84
\leftroot@=\count85
LaTeX Info: Redefining \overline on input line 306.
\classnum@=\count86
\DOTSCASE@=\count87
LaTeX Info: Redefining \ldots on input line 378.
LaTeX Info: Redefining \dots on input line 381.
LaTeX Info: Redefining \cdots on input line 466.
\Mathstrutbox@=\box26
\strutbox@=\box27
\big@size=\dimen116
LaTeX Font Info:    Redeclaring font encoding OML on input line 566.
LaTeX Font Info:    Redeclaring font encoding OMS on input line 567.
\macc@depth=\count88
\c@MaxMatrixCols=\count89
\dotsspace@=\muskip10
\c@parentequation=\count90
\dspbrk@lvl=\count91
\tag@help=\toks18
\row@=\count92
\column@=\count93
\maxfields@=\count94
\andhelp@=\toks19
\eqnshift@=\dimen117
\alignsep@=\dimen118
\tagshift@=\dimen119
\tagwidth@=\dimen120
\totwidth@=\dimen121
\lineht@=\dimen122
\@envbody=\toks20
\multlinegap=\skip42
\multlinetaggap=\skip43
\mathdisplay@stack=\toks21
LaTeX Info: Redefining \[ on input line 2665.
LaTeX Info: Redefining \] on input line 2666.
)
Document Class 'vldb' - based on 'sig-alternate' <26th. July '05>. Modified by 
G.K.M. Tobin/Gerry Murray
Based in part upon document Style `acmconf' <22 May 89>. Hacked 4/91 by
shivers@cs.cmu.edu, 4/93 by theobald@cs.mcgill.ca
Excerpts were taken from (Journal Style) 'esub2acm.cls'.
****** Bugs/comments/suggestions/technicalities to Gerry Murray -- murray@hq.ac
m.org ******
Questions on the style, SIGS policies, etc. to Adrienne Griscti griscti@acm.org

\footheight=\dimen123
\@maxsep=\dimen124
\@dblmaxsep=\dimen125
\aucount=\count95
\originalaucount=\count96
\auwidth=\dimen126
\auskip=\dimen127
\auskipcount=\count97
\auskip=\dimen128
\allauboxes=\dimen129
\addauthors=\toks22
\addauflag=\count98
\subtitletext=\toks23
\savesection=\count99
\sectioncntr=\count100
\c@figure=\count101
\c@table=\count102
\titleboxnotes=\toks24
\titleboxnoteflag=\count103
Document Class: vldb 2010/10/19 - V1.8b - based on sig-alternate V1.8 - based o
n acmproc.cls V1.3 <Nov. 30 '99>
(/usr/local/texlive/2015/texmf-dist/tex/latex/base/latexsym.sty
Package: latexsym 1998/08/17 v2.2e Standard LaTeX package (lasy symbols)
\symlasy=\mathgroup6
LaTeX Font Info:    Overwriting symbol font `lasy' in version `bold'
(Font)                  U/lasy/m/n --> U/lasy/b/n on input line 52.
)
\@acmtitlebox=\box28
\titlenotecount=\count104
\tntoks=\toks25
\tntokstwo=\toks26
\tntoksthree=\toks27
\tntoksfour=\toks28
\tntoksfive=\toks29
\catcount=\count105
\copyrightnotice=\toks30
\conf=\toks31
\confinfo=\toks32
\c@part=\count106
\c@section=\count107
\c@subsection=\count108
\c@subsubsection=\count109
\c@paragraph=\count110

Using 'Abbrev' bibliography style
\bibindent=\dimen130
\colcntr=\count111
\savebox=\box29
\copyrtyr=\toks33
\acmcopyr=\toks34
\boilerplate=\toks35
\copyrightetc=\toks36
) (/usr/local/texlive/2015/texmf-dist/tex/latex/preprint/balance.sty
Package: balance 1999/02/23 4.3 (PWD)
\oldvsize=\dimen131
)
(/usr/local/texlive/2015/texmf-dist/tex/latex/url/url.sty
\Urlmuskip=\muskip11
Package: url 2013/09/16  ver 3.4  Verb mode for urls, etc.
)
(/usr/local/texlive/2015/texmf-dist/tex/latex/graphics/color.sty
Package: color 2014/10/28 v1.1a Standard LaTeX Color (DPC)

(/usr/local/texlive/2015/texmf-dist/tex/latex/latexconfig/color.cfg
File: color.cfg 2007/01/18 v1.5 color configuration of teTeX/TeXLive
)
Package color Info: Driver file: pdftex.def on input line 142.
)
(/usr/local/texlive/2015/texmf-dist/tex/latex/cancel/cancel.sty
Package: cancel 2013/04/12 v2.2 Cancel math terms
)
(/usr/local/texlive/2015/texmf-dist/tex/latex/listings/listings.sty
\lst@mode=\count112
\lst@gtempboxa=\box30
\lst@token=\toks37
\lst@length=\count113
\lst@currlwidth=\dimen132
\lst@column=\count114
\lst@pos=\count115
\lst@lostspace=\dimen133
\lst@width=\dimen134
\lst@newlines=\count116
\lst@lineno=\count117
\abovecaptionskip=\skip44
\belowcaptionskip=\skip45
\lst@maxwidth=\dimen135

(/usr/local/texlive/2015/texmf-dist/tex/latex/listings/lstmisc.sty
File: lstmisc.sty 2014/09/06 1.5e (Carsten Heinz)
\c@lstnumber=\count118
\lst@skipnumbers=\count119
\lst@framebox=\box31
)
(/usr/local/texlive/2015/texmf-dist/tex/latex/listings/listings.cfg
File: listings.cfg 2014/09/06 1.5e listings configuration
))
Package: listings 2014/09/06 1.5e (Carsten Heinz)

(/usr/local/texlive/2015/texmf-dist/tex/generic/ulem/ulem.sty
\UL@box=\box32
\UL@hyphenbox=\box33
\UL@skip=\skip46
\UL@hook=\toks38
\UL@height=\dimen136
\UL@pe=\count120
\UL@pixel=\dimen137
\ULC@box=\box34
Package: ulem 2012/05/18
\ULdepth=\dimen138
)
(/usr/local/texlive/2015/texmf-dist/tex/latex/caption/subcaption.sty
Package: subcaption 2013/02/03 v1.1-62 Sub-captions (AR)

(/usr/local/texlive/2015/texmf-dist/tex/latex/caption/caption.sty
Package: caption 2013/05/02 v3.3-89 Customizing captions (AR)

(/usr/local/texlive/2015/texmf-dist/tex/latex/caption/caption3.sty
Package: caption3 2013/05/02 v1.6-88 caption3 kernel (AR)
Package caption3 Info: TeX engine: e-TeX on input line 57.
\captionmargin=\dimen139
\captionmargin@=\dimen140
\captionwidth=\dimen141
\caption@tempdima=\dimen142
\caption@indent=\dimen143
\caption@parindent=\dimen144
\caption@hangindent=\dimen145
Package caption Info: Unknown document class (or package),
(caption)             standard defaults will be used.
)

Package caption Warning: Unsupported document class (or package) detected,
(caption)                usage of the caption package is not recommended.
See the caption package documentation for explanation.

Package caption Info: \@makecaption = \long macro:#1#2-> \vskip 10pt \setbox \@
tempboxa \hbox {\textbf {#1: #2}} \ifdim \wd \@tempboxa >\hsize \textbf {#1: #2
}\par \else \hbox to\hsize {\hfil \box \@tempboxa \hfil } \fi .
\c@ContinuedFloat=\count121
Package caption Info: listings package is loaded.
)
\c@subfigure=\count122
\c@subtable=\count123
) (/usr/local/texlive/2015/texmf-dist/tex/latex/booktabs/booktabs.sty
Package: booktabs 2005/04/14 v1.61803 publication quality tables
\heavyrulewidth=\dimen146
\lightrulewidth=\dimen147
\cmidrulewidth=\dimen148
\belowrulesep=\dimen149
\belowbottomsep=\dimen150
\aboverulesep=\dimen151
\abovetopsep=\dimen152
\cmidrulesep=\dimen153
\cmidrulekern=\dimen154
\defaultaddspace=\dimen155
\@cmidla=\count124
\@cmidlb=\count125
\@aboverulesep=\dimen156
\@belowrulesep=\dimen157
\@thisruleclass=\count126
\@lastruleclass=\count127
\@thisrulewidth=\dimen158
)
(./algorithm2e.sty
Package: algorithm2e 2005/10/04 v3.9 algorithms environments
\c@AlgoLine=\count128

(/usr/local/texlive/2015/texmf-dist/tex/latex/base/ifthen.sty
Package: ifthen 2014/09/29 v1.1c Standard LaTeX ifthen package (DPC)
)
(/usr/local/texlive/2015/texmf-dist/tex/latex/tools/xspace.sty
Package: xspace 2014/10/28 v1.13 Space after command names (DPC,MH)
)
********************************************************
Package `algorithm2e' Release 3.9 -- october 04 2005 --
- algorithm2e-announce@lirmm.fr mailing list for announcement about releases
- algorithm2e-discussion@lirmm.fr mailing list for discussion about package
subscribe by emailing sympa@lirmm.fr with 'subscribe <list> <firstname name>'
- Author: Christophe Fiorio (fiorio@lirmm.fr)
********************************************************
\skiptotal=\skip47
\skiprule=\skip48
\skiphlne=\skip49
\skiptext=\skip50
\skiplength=\skip51
\algomargin=\skip52
\skipalgocfslide=\skip53
\algowidth=\dimen159
\inoutsize=\dimen160
\inoutline=\dimen161
\algocf@inoutbox=\box35
\algocf@inputbox=\box36
\AlCapSkip=\skip54
\AlCapHSkip=\skip55
\algocf@capbox=\box37
\c@algocfline=\count129
\c@algocf=\count130
\algocf@algoframe=\box38
\algocf@algobox=\box39
) (./algorithmic.sty
Package: algorithmic 

Document Style `algorithmic' - environment
(/usr/local/texlive/2015/texmf-dist/tex/latex/tools/calc.sty
Package: calc 2014/10/28 v4.3 Infix arithmetic (KKT,FJ)
\calc@Acount=\count131
\calc@Bcount=\count132
\calc@Adimen=\dimen162
\calc@Bdimen=\dimen163
\calc@Askip=\skip56
\calc@Bskip=\skip57
LaTeX Info: Redefining \setlength on input line 80.
LaTeX Info: Redefining \addtolength on input line 81.
\calc@Ccount=\count133
\calc@Cskip=\skip58
)
\c@ALC@line=\count134
\c@ALC@rem=\count135
\c@ALC@depth=\count136
\ALC@tlm=\skip59
)
(/usr/local/texlive/2015/texmf-dist/tex/latex/wrapfig/wrapfig.sty
\wrapoverhang=\dimen164
\WF@size=\dimen165
\c@WF@wrappedlines=\count137
\WF@box=\box40
\WF@everypar=\toks39
Package: wrapfig 2003/01/31  v 3.6
)
(/usr/local/texlive/2015/texmf-dist/tex/latex/enumitem/enumitem.sty
Package: enumitem 2011/09/28 v3.5.2 Customized lists
\labelindent=\skip60
\enit@outerparindent=\dimen166
\enit@toks=\toks40
\enit@inbox=\box41
\enitdp@description=\count138
)
(/usr/local/texlive/2015/texmf-dist/tex/latex/xcolor/xcolor.sty
Package: xcolor 2007/01/21 v2.11 LaTeX color extensions (UK)

(/usr/local/texlive/2015/texmf-dist/tex/latex/latexconfig/color.cfg
File: color.cfg 2007/01/18 v1.5 color configuration of teTeX/TeXLive
)
Package xcolor Info: Driver file: pdftex.def on input line 225.
LaTeX Info: Redefining \color on input line 702.
Package xcolor Info: Model `cmy' substituted by `cmy0' on input line 1337.
Package xcolor Info: Model `hsb' substituted by `rgb' on input line 1341.
Package xcolor Info: Model `RGB' extended on input line 1353.
Package xcolor Info: Model `HTML' substituted by `rgb' on input line 1355.
Package xcolor Info: Model `Hsb' substituted by `hsb' on input line 1356.
Package xcolor Info: Model `tHsb' substituted by `hsb' on input line 1357.
Package xcolor Info: Model `HSB' substituted by `hsb' on input line 1358.
Package xcolor Info: Model `Gray' substituted by `gray' on input line 1359.
Package xcolor Info: Model `wave' substituted by `hsb' on input line 1360.
)
(/usr/local/texlive/2015/texmf-dist/tex/latex/colortbl/colortbl.sty
Package: colortbl 2012/02/13 v1.0a Color table columns (DPC)

(/usr/local/texlive/2015/texmf-dist/tex/latex/tools/array.sty
Package: array 2014/10/28 v2.4c Tabular extension package (FMi)
\col@sep=\dimen167
\extrarowheight=\dimen168
\NC@list=\toks41
\extratabsurround=\skip61
\backup@length=\skip62
)
\everycr=\toks42
\minrowclearance=\skip63
)
(/usr/local/texlive/2015/texmf-dist/tex/latex/base/fontenc.sty
Package: fontenc 2005/09/27 v1.99g Standard LaTeX package

(/usr/local/texlive/2015/texmf-dist/tex/latex/base/t1enc.def
File: t1enc.def 2005/09/27 v1.99g Standard LaTeX file
LaTeX Font Info:    Redeclaring font encoding T1 on input line 48.
))
(/usr/local/texlive/2015/texmf-dist/tex/latex/fancyvrb/fancyvrb.sty
Package: fancyvrb 2008/02/07

Style option: `fancyvrb' v2.7a, with DG/SPQR fixes, and firstline=lastline fix 
<2008/02/07> (tvz)
\FV@CodeLineNo=\count139
\FV@InFile=\read1
\FV@TabBox=\box42
\c@FancyVerbLine=\count140
\FV@StepNumber=\count141
\FV@OutFile=\write3
)
(/usr/local/texlive/2015/texmf-dist/tex/latex/footmisc/footmisc.sty
Package: footmisc 2011/06/06 v5.5b a miscellany of footnote facilities
\FN@temptoken=\toks43
\footnotemargin=\dimen169


LaTeX Warning: Command \@makecol  has changed.
               Check if current package is valid.

\c@pp@next@reset=\count142
Package footmisc Info: Declaring symbol style bringhurst on input line 855.
Package footmisc Info: Declaring symbol style chicago on input line 863.
Package footmisc Info: Declaring symbol style wiley on input line 872.
Package footmisc Info: Declaring symbol style lamport-robust on input line 883.

Package footmisc Info: Declaring symbol style lamport* on input line 903.
Package footmisc Info: Declaring symbol style lamport*-robust on input line 924
.
) (/usr/local/texlive/2015/texmf-dist/tex/latex/cite/cite.sty
LaTeX Info: Redefining \cite on input line 302.
LaTeX Info: Redefining \nocite on input line 332.
Package: cite 2015/02/27  v 5.5
)
(/usr/local/texlive/2015/texmf-dist/tex/latex/microtype/microtype.sty
Package: microtype 2013/05/23 v2.5a Micro-typographical refinements (RS)
\MT@toks=\toks44
\MT@count=\count143
LaTeX Info: Redefining \textls on input line 766.
\MT@outer@kern=\dimen170
LaTeX Info: Redefining \textmicrotypecontext on input line 1285.
\MT@listname@count=\count144

(/usr/local/texlive/2015/texmf-dist/tex/latex/microtype/microtype-pdftex.def
File: microtype-pdftex.def 2013/05/23 v2.5a Definitions specific to pdftex (RS)

LaTeX Info: Redefining \lsstyle on input line 915.
LaTeX Info: Redefining \lslig on input line 915.
\MT@outer@space=\skip64
)
Package microtype Info: Loading configuration file microtype.cfg.

(/usr/local/texlive/2015/texmf-dist/tex/latex/microtype/microtype.cfg
File: microtype.cfg 2013/05/23 v2.5a microtype main configuration file (RS)
))
(/usr/local/texlive/2015/texmf-dist/tex/latex/placeins/placeins.sty
Package: placeins 2005/04/18  v 2.2
)
\c@definition=\count145
\c@dimension=\count146
\c@prob=\count147

(/usr/local/texlive/2015/texmf-dist/tex/latex/hyperref/hyperref.sty
Package: hyperref 2012/11/06 v6.83m Hypertext links for LaTeX

(/usr/local/texlive/2015/texmf-dist/tex/generic/oberdiek/hobsub-hyperref.sty
Package: hobsub-hyperref 2012/05/28 v1.13 Bundle oberdiek, subset hyperref (HO)


(/usr/local/texlive/2015/texmf-dist/tex/generic/oberdiek/hobsub-generic.sty
Package: hobsub-generic 2012/05/28 v1.13 Bundle oberdiek, subset generic (HO)
Package: hobsub 2012/05/28 v1.13 Construct package bundles (HO)
Package hobsub Info: Skipping package `infwarerr' (already loaded).
Package hobsub Info: Skipping package `ltxcmds' (already loaded).
Package: ifluatex 2010/03/01 v1.3 Provides the ifluatex switch (HO)
Package ifluatex Info: LuaTeX not detected.
Package hobsub Info: Skipping package `ifvtex' (already loaded).
Package: intcalc 2007/09/27 v1.1 Expandable calculations with integers (HO)
Package hobsub Info: Skipping package `ifpdf' (already loaded).
Package: etexcmds 2011/02/16 v1.5 Avoid name clashes with e-TeX commands (HO)
Package etexcmds Info: Could not find \expanded.
(etexcmds)             That can mean that you are not using pdfTeX 1.50 or
(etexcmds)             that some package has redefined \expanded.
(etexcmds)             In the latter case, load this package earlier.
Package: kvsetkeys 2012/04/25 v1.16 Key value parser (HO)
Package: kvdefinekeys 2011/04/07 v1.3 Define keys (HO)
Package: pdftexcmds 2011/11/29 v0.20 Utility functions of pdfTeX for LuaTeX (HO
)
Package pdftexcmds Info: LuaTeX not detected.
Package pdftexcmds Info: \pdf@primitive is available.
Package pdftexcmds Info: \pdf@ifprimitive is available.
Package pdftexcmds Info: \pdfdraftmode found.
Package: pdfescape 2011/11/25 v1.13 Implements pdfTeX's escape features (HO)
Package: bigintcalc 2012/04/08 v1.3 Expandable calculations on big integers (HO
)
Package: bitset 2011/01/30 v1.1 Handle bit-vector datatype (HO)
Package: uniquecounter 2011/01/30 v1.2 Provide unlimited unique counter (HO)
)
Package hobsub Info: Skipping package `hobsub' (already loaded).
Package: letltxmacro 2010/09/02 v1.4 Let assignment for LaTeX macros (HO)
Package: hopatch 2012/05/28 v1.2 Wrapper for package hooks (HO)
Package: xcolor-patch 2011/01/30 xcolor patch
Package: atveryend 2011/06/30 v1.8 Hooks at the very end of document (HO)
Package atveryend Info: \enddocument detected (standard20110627).
Package: atbegshi 2011/10/05 v1.16 At begin shipout hook (HO)
Package: refcount 2011/10/16 v3.4 Data extraction from label references (HO)
Package: hycolor 2011/01/30 v1.7 Color options for hyperref/bookmark (HO)
)
(/usr/local/texlive/2015/texmf-dist/tex/latex/oberdiek/auxhook.sty
Package: auxhook 2011/03/04 v1.3 Hooks for auxiliary files (HO)
)
(/usr/local/texlive/2015/texmf-dist/tex/latex/oberdiek/kvoptions.sty
Package: kvoptions 2011/06/30 v3.11 Key value format for package options (HO)
)
\@linkdim=\dimen171
\Hy@linkcounter=\count148
\Hy@pagecounter=\count149

(/usr/local/texlive/2015/texmf-dist/tex/latex/hyperref/pd1enc.def
File: pd1enc.def 2012/11/06 v6.83m Hyperref: PDFDocEncoding definition (HO)
)
\Hy@SavedSpaceFactor=\count150

(/usr/local/texlive/2015/texmf-dist/tex/latex/latexconfig/hyperref.cfg
File: hyperref.cfg 2002/06/06 v1.2 hyperref configuration of TeXLive
)
Package hyperref Info: Hyper figures OFF on input line 4443.
Package hyperref Info: Link nesting OFF on input line 4448.
Package hyperref Info: Hyper index ON on input line 4451.
Package hyperref Info: Plain pages OFF on input line 4458.
Package hyperref Info: Backreferencing OFF on input line 4463.
Package hyperref Info: Implicit mode ON; LaTeX internals redefined.
Package hyperref Info: Bookmarks ON on input line 4688.
\c@Hy@tempcnt=\count151
LaTeX Info: Redefining \url on input line 5041.
\XeTeXLinkMargin=\dimen172
\Fld@menulength=\count152
\Field@Width=\dimen173
\Fld@charsize=\dimen174
Package hyperref Info: Hyper figures OFF on input line 6295.
Package hyperref Info: Link nesting OFF on input line 6300.
Package hyperref Info: Hyper index ON on input line 6303.
Package hyperref Info: backreferencing OFF on input line 6310.
Package hyperref Info: Link coloring OFF on input line 6315.
Package hyperref Info: Link coloring with OCG OFF on input line 6320.
Package hyperref Info: PDF/A mode OFF on input line 6325.
LaTeX Info: Redefining \ref on input line 6365.
LaTeX Info: Redefining \pageref on input line 6369.


Package hyperref Warning: Option `pdfpagelabels' is turned off
(hyperref)                because \thepage is undefined.

\c@Item=\count153
\c@Hfootnote=\count154
)

Package hyperref Message: Driver: hpdftex.

(/usr/local/texlive/2015/texmf-dist/tex/latex/hyperref/hpdftex.def
File: hpdftex.def 2012/11/06 v6.83m Hyperref driver for pdfTeX
\Fld@listcount=\count155
\c@bookmark@seq@number=\count156

(/usr/local/texlive/2015/texmf-dist/tex/latex/oberdiek/rerunfilecheck.sty
Package: rerunfilecheck 2011/04/15 v1.7 Rerun checks for auxiliary files (HO)
Package uniquecounter Info: New unique counter `rerunfilecheck' on input line 2
82.
)
\Hy@SectionHShift=\skip65
)
Package hyperref Info: Option `colorlinks' set `false' on input line 84.
LaTeX Info: Redefining \textsubscript on input line 151.

(./main.aux)
\openout1 = `main.aux'.

LaTeX Font Info:    Checking defaults for OML/cmm/m/it on input line 172.
LaTeX Font Info:    ... okay on input line 172.
LaTeX Font Info:    Checking defaults for T1/cmr/m/n on input line 172.
LaTeX Font Info:    ... okay on input line 172.
LaTeX Font Info:    Checking defaults for OT1/cmr/m/n on input line 172.
LaTeX Font Info:    ... okay on input line 172.
LaTeX Font Info:    Checking defaults for OMS/cmsy/m/n on input line 172.
LaTeX Font Info:    ... okay on input line 172.
LaTeX Font Info:    Checking defaults for OMX/cmex/m/n on input line 172.
LaTeX Font Info:    ... okay on input line 172.
LaTeX Font Info:    Checking defaults for U/cmr/m/n on input line 172.
LaTeX Font Info:    ... okay on input line 172.
LaTeX Font Info:    Checking defaults for PD1/pdf/m/n on input line 172.
LaTeX Font Info:    ... okay on input line 172.

*geometry* detected driver: pdftex
*geometry* verbose mode - [ preamble ] result:
* driver: pdftex
* paper: letterpaper
* layout: <same size as paper>
* layoutoffset:(h,v)=(0.0pt,0.0pt)
* modes: twoside 
* h-part:(L,W,R)=(92.14519pt, 430.00462pt, 92.14519pt)
* v-part:(T,H,B)=(95.39737pt, 556.47656pt, 143.09605pt)
* \paperwidth=614.295pt
* \paperheight=794.96999pt
* \textwidth=504.0pt
* \textheight=666.0pt
* \oddsidemargin=-18.26999pt
* \evensidemargin=-18.26999pt
* \topmargin=-55.26999pt
* \headheight=12.0pt
* \headsep=25.0pt
* \topskip=10.0pt
* \footskip=30.0pt
* \marginparwidth=0.0pt
* \marginparsep=11.0pt
* \columnsep=24.0pt
* \skip\footins=8.1pt plus 4.0pt minus 2.0pt
* \hoffset=0.0pt
* \voffset=0.0pt
* \mag=1000
* \@twocolumntrue
* \@twosidetrue
* \@mparswitchtrue
* \@reversemarginfalse
* (1in=72.27pt=25.4mm, 1cm=28.453pt)

(/usr/local/texlive/2015/texmf-dist/tex/context/base/supp-pdf.mkii
[Loading MPS to PDF converter (version 2006.09.02).]
\scratchcounter=\count157
\scratchdimen=\dimen175
\scratchbox=\box43
\nofMPsegments=\count158
\nofMParguments=\count159
\everyMPshowfont=\toks45
\MPscratchCnt=\count160
\MPscratchDim=\dimen176
\MPnumerator=\count161
\makeMPintoPDFobject=\count162
\everyMPtoPDFconversion=\toks46
) (/usr/local/texlive/2015/texmf-dist/tex/latex/oberdiek/epstopdf-base.sty
Package: epstopdf-base 2010/02/09 v2.5 Base part for package epstopdf

(/usr/local/texlive/2015/texmf-dist/tex/latex/oberdiek/grfext.sty
Package: grfext 2010/08/19 v1.1 Manage graphics extensions (HO)
)
Package grfext Info: Graphics extension search list:
(grfext)             [.png,.pdf,.jpg,.mps,.jpeg,.jbig2,.jb2,.PNG,.PDF,.JPG,.JPE
G,.JBIG2,.JB2,.eps]
(grfext)             \AppendGraphicsExtensions on input line 452.

(/usr/local/texlive/2015/texmf-dist/tex/latex/latexconfig/epstopdf-sys.cfg
File: epstopdf-sys.cfg 2010/07/13 v1.3 Configuration of (r)epstopdf for TeX Liv
e
))
\c@lstlisting=\count163
Package caption Info: Begin \AtBeginDocument code.
Package caption Info: hyperref package is loaded.
Package caption Info: wrapfig package is loaded.
Package caption Info: End \AtBeginDocument code.
LaTeX Info: Redefining \microtypecontext on input line 172.
Package microtype Info: Generating PDF output.
Package microtype Info: Character protrusion enabled (level 2).
Package microtype Info: Using default protrusion set `alltext'.
Package microtype Info: Automatic font expansion enabled (level 2),
(microtype)             stretch: 20, shrink: 20, step: 1, non-selected.
Package microtype Info: Using default expansion set `basictext'.
Package microtype Info: No adjustment of tracking.
Package microtype Info: No adjustment of interword spacing.
Package microtype Info: No adjustment of character kerning.

(/usr/local/texlive/2015/texmf-dist/tex/latex/microtype/mt-cmr.cfg
File: mt-cmr.cfg 2013/05/19 v2.2 microtype config. file: Computer Modern Roman 
(RS)
)
\AtBeginShipoutBox=\box44
Package hyperref Info: Link coloring OFF on input line 172.

(/usr/local/texlive/2015/texmf-dist/tex/latex/hyperref/nameref.sty
Package: nameref 2012/10/27 v2.43 Cross-referencing by name of section

(/usr/local/texlive/2015/texmf-dist/tex/generic/oberdiek/gettitlestring.sty
Package: gettitlestring 2010/12/03 v1.4 Cleanup title references (HO)
)
\c@section@level=\count164
)
LaTeX Info: Redefining \ref on input line 172.
LaTeX Info: Redefining \pageref on input line 172.
LaTeX Info: Redefining \nameref on input line 172.

(./main.out) (./main.out)
\@outlinefile=\write4
\openout4 = `main.out'.

LaTeX Font Info:    Try loading font information for U+msa on input line 197.

(/usr/local/texlive/2015/texmf-dist/tex/latex/amsfonts/umsa.fd
File: umsa.fd 2013/01/14 v3.01 AMS symbols A
)
(/usr/local/texlive/2015/texmf-dist/tex/latex/microtype/mt-msa.cfg
File: mt-msa.cfg 2006/02/04 v1.1 microtype config. file: AMS symbols (a) (RS)
)
LaTeX Font Info:    Try loading font information for U+msb on input line 197.

(/usr/local/texlive/2015/texmf-dist/tex/latex/amsfonts/umsb.fd
File: umsb.fd 2013/01/14 v3.01 AMS symbols B
)
(/usr/local/texlive/2015/texmf-dist/tex/latex/microtype/mt-msb.cfg
File: mt-msb.cfg 2005/06/01 v1.0 microtype config. file: AMS symbols (b) (RS)
)
LaTeX Font Info:    Try loading font information for U+lasy on input line 197.

(/usr/local/texlive/2015/texmf-dist/tex/latex/base/ulasy.fd
File: ulasy.fd 1998/08/17 v2.2e LaTeX symbol font definitions
)

LaTeX Warning: No \author given.

(./scaffold.tex (./content/01-introduction.tex

LaTeX Warning: Citation `salesforce' on page 1 undefined on input line 12.


LaTeX Warning: Citation `sap' on page 1 undefined on input line 14.


LaTeX Warning: Citation `dmv' on page 1 undefined on input line 16.


LaTeX Warning: Citation `dmvsystem' on page 1 undefined on input line 16.


LaTeX Warning: Citation `betterment' on page 1 undefined on input line 18.


LaTeX Warning: Citation `chase' on page 1 undefined on input line 18.


LaTeX Warning: Citation `kandel2012' on page 1 undefined on input line 23.


LaTeX Warning: Citation `krishnan2016hilda' on page 1 undefined on input line 2
3.


LaTeX Warning: Citation `Barchard20111834' on page 1 undefined on input line 23
.


LaTeX Warning: Citation `citibank' on page 1 undefined on input line 24.


LaTeX Warning: Citation `Yates10' on page 1 undefined on input line 24.


LaTeX Warning: Citation `Grady13' on page 1 undefined on input line 24.


LaTeX Warning: Citation `Robeznieks05' on page 1 undefined on input line 24.


LaTeX Warning: Citation `iquantnyc' on page 1 undefined on input line 25.


LaTeX Warning: Citation `iquantnycnypd' on page 1 undefined on input line 27.


Overfull \hbox (1.09023pt too wide) in paragraph at lines 8--33
\T1/cmr/m/n/9 (-20) DATE query pa-ram-e-ters that run over the back-end databas
e---
 []

LaTeX Font Info:    Try loading font information for T1+cmtt on input line 40.
(/usr/local/texlive/2015/texmf-dist/tex/latex/base/t1cmtt.fd
File: t1cmtt.fd 2014/09/29 v2.5h Standard LaTeX font definitions
)
Package microtype Info: Loading generic settings for font family
(microtype)             `cmtt' (encoding: T1).
(microtype)             For optimal results, create family-specific settings.
(microtype)             See the microtype manual for details.

(./content/example2.tex
Overfull \hbox (2.42755pt too wide) in paragraph at lines 7--19
 [][] 
 []


Overfull \hbox (6.94295pt too wide) in paragraph at lines 27--27
[]|$\OML/cmm/m/it/9 q[]$\T1/cmr/m/n/9 (-20) :| 
 []


Overfull \hbox (6.94295pt too wide) in paragraph at lines 30--30
[]|$\OML/cmm/m/it/9 q[]$\T1/cmr/m/n/9 (-20) :| 
 []


Overfull \hbox (6.94295pt too wide) in paragraph at lines 33--33
[]|$\OML/cmm/m/it/9 q[]$\T1/cmr/m/n/9 (-20) :| 
 []


Overfull \hbox (2.42755pt too wide) in paragraph at lines 40--54
 [][] 
 []

)

LaTeX Warning: Citation `reutersmanagement' on page 1 undefined on input line 4
9.


LaTeX Warning: Citation `powercompany' on page 1 undefined on input line 50.


LaTeX Warning: Citation `mosby' on page 1 undefined on input line 50.


LaTeX Warning: Citation `bostonpolice' on page 1 undefined on input line 50.


LaTeX Warning: Citation `twinfalls' on page 1 undefined on input line 51.


LaTeX Warning: Citation `cra' on page 1 undefined on input line 51.

[1{/usr/local/texlive/2015/texmf-var/fonts/map/pdftex/updmap/pdftex.map}


Non-PDF special ignored!

]

LaTeX Warning: Citation `Yates10' on page 2 undefined on input line 96.


LaTeX Warning: Citation `Grady13' on page 2 undefined on input line 96.


LaTeX Warning: Citation `sakalerrors' on page 2 undefined on input line 96.


LaTeX Warning: Citation `haasclamshell' on page 2 undefined on input line 115.


LaTeX Warning: Citation `Gokhale:2014wv' on page 2 undefined on input line 115.



LaTeX Warning: Citation `Kandel:2011vj' on page 2 undefined on input line 115.


LaTeX Warning: Citation `ChuIP13' on page 2 undefined on input line 116.


LaTeX Warning: Citation `cleaningbenchmark' on page 2 undefined on input line 1
20.


LaTeX Warning: Citation `Khoussainova2006' on page 2 undefined on input line 12
2.


LaTeX Warning: Citation `Chen2011' on page 2 undefined on input line 122.


Underfull \vbox (badness 10000) has occurred while \output is active []

 [2])
(./content/xx-problem.tex
Overfull \hbox (2.43481pt too wide) in paragraph at lines 14--33
[]\T1/cmr/m/it/9 (-20) Figure []1[] demon-strates an ex-am-ple tax bracket
 []

(./content/notations.tex
Overfull \hbox (6.52013pt too wide) in paragraph at lines 5--25
 [][] 
 []

) [3]) (./content/xx-solutions.tex

LaTeX Warning: Citation `Wu13' on page 4 undefined on input line 9.


LaTeX Warning: Citation `Chapman2009' on page 4 undefined on input line 9.


LaTeX Warning: Citation `lima2011computational' on page 4 undefined on input li
ne 28.


LaTeX Warning: Citation `quesada1992lp' on page 4 undefined on input line 28.


LaTeX Warning: Citation `stubbs1999branch' on page 4 undefined on input line 28
.


LaTeX Warning: Citation `savelsbergh1994preprocessing' on page 4 undefined on i
nput line 28.


LaTeX Warning: Citation `danna2005exploring' on page 4 undefined on input line 
28.


LaTeX Warning: Citation `rothberg2007evolutionary' on page 4 undefined on input
 line 28.


LaTeX Warning: Citation `achterberg2009scip' on page 4 undefined on input line 
28.


LaTeX Warning: Citation `Ma2006' on page 4 undefined on input line 29.


LaTeX Warning: Citation `Richards02_JGCD' on page 4 undefined on input line 29.



LaTeX Warning: Citation `Kuwata2005a' on page 4 undefined on input line 29.


LaTeX Warning: Citation `Floudas2005' on page 4 undefined on input line 29.


LaTeX Warning: Citation `Sawik2011' on page 4 undefined on input line 29.


LaTeX Warning: Citation `Sawik2000' on page 4 undefined on input line 29.


LaTeX Warning: Citation `Sabater2009' on page 4 undefined on input line 29.


LaTeX Warning: Citation `Milan2013' on page 4 undefined on input line 29.


LaTeX Warning: Citation `atamturk2005integer' on page 4 undefined on input line
 30.


LaTeX Warning: Citation `meindl2012analysis' on page 4 undefined on input line 
30.


LaTeX Warning: Citation `gearhart2013comparison' on page 4 undefined on input l
ine 30.

[4]

LaTeX Warning: Citation `Amsterdamer2011' on page 5 undefined on input line 119
.


LaTeX Warning: Citation `tiresias' on page 5 undefined on input line 125.


LaTeX Warning: Citation `tiresias' on page 5 undefined on input line 145.


Overfull \hbox (1.99191pt too wide) in paragraph at lines 166--169
\T1/cmtt/m/n/9 INSERT:\T1/cmr/m/n/9 (-20) An in-sert query adds a new tu-ple $\
OML/cmm/m/it/9 t[]$ \T1/cmr/m/n/9 (-20) to the database.
 []

Package hyperref Info: bookmark level for unknown algocf defaults to 0 on input
 line 252.

Overfull \hbox (9.0pt too wide) detected at line 272
[][]
 []

) (./content/xx-objective.tex [5]) (./content/xx-optimizations.tex
<figures/qsize_time_badscale.png, id=208, 1263.72125pt x 631.35875pt>
File: figures/qsize_time_badscale.png Graphic file (type png)

<use figures/qsize_time_badscale.png>
Package pdftex.def Info: figures/qsize_time_badscale.png used on input line 36.

(pdftex.def)             Requested size: 176.40308pt x 88.1295pt.

<figures/2nditerationgroups.pdf, id=210, 392.46625pt x 151.56625pt>
File: figures/2nditerationgroups.pdf Graphic file (type pdf)

<use figures/2nditerationgroups.pdf>
Package pdftex.def Info: figures/2nditerationgroups.pdf used on input line 44.
(pdftex.def)             Requested size: 176.40308pt x 68.12553pt.
 [6 <./figures/qsize_time_badscale.png> <./figures/2nditerationgroups.pdf>]
Overfull \hbox (10.06895pt too wide) in paragraph at lines 195--196
[]\T1/cmr/m/it/9 (-20) The set
 []


Overfull \hbox (9.42406pt too wide) in paragraph at lines 201--207
[]\T1/cmr/m/it/9 (-20) Query
 []


Overfull \hbox (9.0pt too wide) detected at line 258
[][]
 []


Overfull \hbox (9.0pt too wide) detected at line 276
[][]
 []

[7]) (./content/xx-noise.tex) (./content/xx-experiments.tex

LaTeX Warning: Citation `cplex2014v12' on page 8 undefined on input line 19.


Underfull \hbox (badness 2302) in paragraph at lines 25--25
[][][] \T1/cmr/m/n/9 (+20) Our full tech-ni-cal re-port [ci-ta-tion re-moved fo
r
 []

<figures/indelup_time.png, id=269, 1263.72125pt x 631.35875pt>
File: figures/indelup_time.png Graphic file (type png)

<use figures/indelup_time.png>
Package pdftex.def Info: figures/indelup_time.png used on input line 109.
(pdftex.def)             Requested size: 164.65862pt x 82.26256pt.

<figures/pointrelv_time.png, id=270, 1263.72125pt x 631.35875pt>
File: figures/pointrelv_time.png Graphic file (type png)

<use figures/pointrelv_time.png>
Package pdftex.def Info: figures/pointrelv_time.png used on input line 114.
(pdftex.def)             Requested size: 164.65862pt x 82.26256pt.

<figures/where_time.png, id=271, 1263.72125pt x 631.35875pt>
File: figures/where_time.png Graphic file (type png)

<use figures/where_time.png>
Package pdftex.def Info: figures/where_time.png used on input line 119.
(pdftex.def)             Requested size: 164.65862pt x 82.26256pt.


LaTeX Warning: Citation `tpcc' on page 8 undefined on input line 159.


LaTeX Warning: Citation `tatp' on page 8 undefined on input line 159.


LaTeX Warning: Citation `difallah2013oltp' on page 8 undefined on input line 16
5.

[8] <figures/benchmark_time.png, id=280, 1263.72125pt x 631.35875pt>
File: figures/benchmark_time.png Graphic file (type png)

<use figures/benchmark_time.png>
Package pdftex.def Info: figures/benchmark_time.png used on input line 193.
(pdftex.def)             Requested size: 180.0pt x 89.92139pt.

<figures/attr_time.png, id=281, 1897.0875pt x 631.35875pt>
File: figures/attr_time.png Graphic file (type png)

<use figures/attr_time.png>
Package pdftex.def Info: figures/attr_time.png used on input line 206.
(pdftex.def)             Requested size: 244.49449pt x 81.36661pt.

<figures/attr100_time.png, id=282, 1897.0875pt x 631.35875pt>
File: figures/attr100_time.png Graphic file (type png)

<use figures/attr100_time.png>
Package pdftex.def Info: figures/attr100_time.png used on input line 212.
(pdftex.def)             Requested size: 244.49449pt x 81.36661pt.
 [9 <./figures/indelup_time.png> <./figures/pointrelv_time.png> <./figures/wher
e_time.png> <./figures/benchmark_time.png>]
<figures/noise_fn_time_fulllabel.png, id=305, 1263.72125pt x 631.35875pt>
File: figures/noise_fn_time_fulllabel.png Graphic file (type png)

<use figures/noise_fn_time_fulllabel.png>
Package pdftex.def Info: figures/noise_fn_time_fulllabel.png used on input line
 333.
(pdftex.def)             Requested size: 178.20099pt x 89.02544pt.

Underfull \hbox (badness 10000) in paragraph at lines 333--335
[][]
 []

<figures/noise_fn_acc_fulllabel.png, id=306, 1263.72125pt x 631.35875pt>
File: figures/noise_fn_acc_fulllabel.png Graphic file (type png)

<use figures/noise_fn_acc_fulllabel.png>
Package pdftex.def Info: figures/noise_fn_acc_fulllabel.png used on input line 
341.
(pdftex.def)             Requested size: 178.20099pt x 89.02544pt.

Underfull \hbox (badness 10000) in paragraph at lines 341--343
[][]
 []

[10 <./figures/attr_time.png> <./figures/attr100_time.png> <./figures/noise_fn_
time_fulllabel.png> <./figures/noise_fn_acc_fulllabel.png>]
<figures/multi_time.png, id=321, 1263.72125pt x 631.35875pt>
File: figures/multi_time.png Graphic file (type png)

<use figures/multi_time.png>
Package pdftex.def Info: figures/multi_time.png used on input line 371.
(pdftex.def)             Requested size: 178.20099pt x 89.02544pt.

<figures/multi_pr.png, id=322, 1263.72125pt x 631.35875pt>
File: figures/multi_pr.png Graphic file (type png)

<use figures/multi_pr.png>
Package pdftex.def Info: figures/multi_pr.png used on input line 377.
(pdftex.def)             Requested size: 178.20099pt x 89.02544pt.
) (./content/xx-related-full.tex

LaTeX Warning: Citation `dallachiesa2013nadeef' on page 11 undefined on input l
ine 11.


LaTeX Warning: Citation `rahm00' on page 11 undefined on input line 11.


LaTeX Warning: Citation `Raman01' on page 11 undefined on input line 11.


LaTeX Warning: Citation `Kalashnikov06' on page 11 undefined on input line 11.


LaTeX Warning: Citation `Fan2008b' on page 11 undefined on input line 11.


LaTeX Warning: Citation `Abiteboul99' on page 11 undefined on input line 16.


LaTeX Warning: Citation `Koudas2006' on page 11 undefined on input line 18.


LaTeX Warning: Citation `GruenheidDS14' on page 11 undefined on input line 18.


LaTeX Warning: Citation `yin2008truth' on page 11 undefined on input line 20.


LaTeX Warning: Citation `DN09' on page 11 undefined on input line 20.


LaTeX Warning: Citation `ltm2012' on page 11 undefined on input line 20.


LaTeX Warning: Citation `Galhardas2000' on page 11 undefined on input line 21.


LaTeX Warning: Citation `ChuIP13' on page 11 undefined on input line 31.


LaTeX Warning: Citation `Fan2008b' on page 11 undefined on input line 34.


LaTeX Warning: Citation `ChuIP13' on page 11 undefined on input line 34.


LaTeX Warning: Citation `Beskales2010' on page 11 undefined on input line 36.


LaTeX Warning: Citation `Cong2007' on page 11 undefined on input line 36.


LaTeX Warning: Citation `Fan2008b' on page 11 undefined on input line 38.


LaTeX Warning: Citation `ChuIP13' on page 11 undefined on input line 38.


LaTeX Warning: Citation `Yakout' on page 11 undefined on input line 40.


LaTeX Warning: Citation `Raman01' on page 11 undefined on input line 40.


LaTeX Warning: Citation `GolabKKS10' on page 11 undefined on input line 51.


LaTeX Warning: Citation `Golab2008' on page 11 undefined on input line 51.


LaTeX Warning: Citation `wang2015' on page 11 undefined on input line 52.


LaTeX Warning: Citation `tenCate2015' on page 11 undefined on input line 64.


LaTeX Warning: Citation `Chapman2009' on page 11 undefined on input line 69.


LaTeX Warning: Citation `tran2010conquer' on page 11 undefined on input line 72
.


LaTeX Warning: Citation `tzompanaki14semi' on page 11 undefined on input line 7
4.


LaTeX Warning: Citation `zloof1977query' on page 11 undefined on input line 75.



LaTeX Warning: Citation `abouzied2012dataplay' on page 11 undefined on input li
ne 76.


LaTeX Warning: Citation `GebalyAGKS14' on page 11 undefined on input line 84.


LaTeX Warning: Citation `Wu13' on page 11 undefined on input line 85.


LaTeX Warning: Citation `Roy2014' on page 11 undefined on input line 88.


LaTeX Warning: Citation `Khoussainova2012' on page 11 undefined on input line 9
3.


LaTeX Warning: Citation `Thirumuruganathan2012' on page 11 undefined on input l
ine 93.


LaTeX Warning: Citation `Das2011' on page 11 undefined on input line 93.


LaTeX Warning: Citation `Fabbri2011' on page 11 undefined on input line 93.


LaTeX Warning: Citation `Bender14' on page 11 undefined on input line 93.


Underfull \vbox (badness 10000) has occurred while \output is active []

 [11 <./figures/multi_time.png> <./figures/multi_pr.png>]

LaTeX Warning: Citation `BunemanKT01' on page 12 undefined on input line 101.


LaTeX Warning: Citation `GKT07-semirings' on page 12 undefined on input line 10
1.


LaTeX Warning: Citation `CheneyCT09' on page 12 undefined on input line 101.


LaTeX Warning: Citation `CuiWW00' on page 12 undefined on input line 101.

) (./content/xx-discussion.tex)
No file main.bbl.
(./content/appendix.tex

LaTeX Warning: Citation `quinlan1987' on page 12 undefined on input line 25.

<figures/heuristictime.png, id=330, 1263.72125pt x 631.35875pt>
File: figures/heuristictime.png Graphic file (type png)

<use figures/heuristictime.png>
Package pdftex.def Info: figures/heuristictime.png used on input line 71.
(pdftex.def)             Requested size: 180.0pt x 89.92139pt.

<figures/heuristicacc.png, id=331, 1263.72125pt x 631.35875pt>
File: figures/heuristicacc.png Graphic file (type png)

<use figures/heuristicacc.png>
Package pdftex.def Info: figures/heuristicacc.png used on input line 77.
(pdftex.def)             Requested size: 180.0pt x 89.92139pt.

Overfull \vbox (1.6502pt too high) has occurred while \output is active []


Overfull \vbox (9.59937pt too high) has occurred while \output is active []


[12]
LaTeX Font Info:    Font shape `T1/cmtt/bx/n' in size <9> not available
(Font)              Font shape `T1/cmtt/m/n' tried instead on input line 136.


LaTeX Warning: Citation `he2009learning' on page 13 undefined on input line 148
.


LaTeX Warning: Citation `galar2012review' on page 13 undefined on input line 14
8.


LaTeX Warning: Citation `oltpbench' on page 13 undefined on input line 151.

))
Package atveryend Info: Empty hook `BeforeClearDocument' on input line 237.
 [13 <./figures/heuristictime.png> <./figures/heuristicacc.png>]
Package atveryend Info: Empty hook `AfterLastShipout' on input line 237.
 (./main.aux)
Package atveryend Info: Empty hook `AtVeryEndDocument' on input line 237.
Package atveryend Info: Executing hook `AtEndAfterFileList' on input line 237.
Package rerunfilecheck Info: File `main.out' has not changed.
(rerunfilecheck)             Checksum: 72A58C87F4109B2CF493CD74E68AFA5C;1805.

LaTeX Warning: There were undefined references.


LaTeX Warning: Label(s) may have changed. Rerun to get cross-references right.

Package atveryend Info: Empty hook `AtVeryVeryEnd' on input line 237.
 ) 
Here is how much of TeX's memory you used:
 13877 strings out of 493089
 206396 string characters out of 6134842
 387744 words of memory out of 5000000
 16817 multiletter control sequences out of 15000+600000
 41135 words of font info for 176 fonts, out of 8000000 for 9000
 1141 hyphenation exceptions out of 8191
 42i,14n,40p,1278b,687s stack positions out of 5000i,500n,10000p,200000b,80000s
{/usr/local/texlive/2015/texmf-dist/fonts/enc/dvips/cm-super/cm-super-t1.enc}
{/usr/local/texlive/2015/texmf-dist/fonts/enc/dvips/base/8r.enc}</usr/local/tex
live/2015/texmf-dist/fonts/type1/public/amsfonts/cmextra/cmex9.pfb></usr/local/
texlive/2015/texmf-dist/fonts/type1/public/amsfonts/cm/cmmi5.pfb></usr/local/te
xlive/2015/texmf-dist/fonts/type1/public/amsfonts/cm/cmmi6.pfb></usr/local/texl
ive/2015/texmf-dist/fonts/type1/public/amsfonts/cm/cmmi7.pfb></usr/local/texliv
e/2015/texmf-dist/fonts/type1/public/amsfonts/cm/cmmi8.pfb></usr/local/texlive/
2015/texmf-dist/fonts/type1/public/amsfonts/cm/cmmi9.pfb></usr/local/texlive/20
15/texmf-dist/fonts/type1/public/amsfonts/cm/cmr5.pfb></usr/local/texlive/2015/
texmf-dist/fonts/type1/public/amsfonts/cm/cmr6.pfb></usr/local/texlive/2015/tex
mf-dist/fonts/type1/public/amsfonts/cm/cmr7.pfb></usr/local/texlive/2015/texmf-
dist/fonts/type1/public/amsfonts/cm/cmr8.pfb></usr/local/texlive/2015/texmf-dis
t/fonts/type1/public/amsfonts/cm/cmr9.pfb></usr/local/texlive/2015/texmf-dist/f
onts/type1/public/amsfonts/cm/cmsy5.pfb></usr/local/texlive/2015/texmf-dist/fon
ts/type1/public/amsfonts/cm/cmsy6.pfb></usr/local/texlive/2015/texmf-dist/fonts
/type1/public/amsfonts/cm/cmsy7.pfb></usr/local/texlive/2015/texmf-dist/fonts/t
ype1/public/amsfonts/cm/cmsy8.pfb></usr/local/texlive/2015/texmf-dist/fonts/typ
e1/public/amsfonts/cm/cmsy9.pfb></usr/local/texlive/2015/texmf-dist/fonts/type1
/public/cm-super/sfbi0900.pfb></usr/local/texlive/2015/texmf-dist/fonts/type1/p
ublic/cm-super/sfbx0700.pfb></usr/local/texlive/2015/texmf-dist/fonts/type1/pub
lic/cm-super/sfbx0800.pfb></usr/local/texlive/2015/texmf-dist/fonts/type1/publi
c/cm-super/sfbx0900.pfb></usr/local/texlive/2015/texmf-dist/fonts/type1/public/
cm-super/sfcc0900.pfb></usr/local/texlive/2015/texmf-dist/fonts/type1/public/cm
-super/sfit0900.pfb></usr/local/texlive/2015/texmf-dist/fonts/type1/public/cm-s
uper/sfrm0600.pfb></usr/local/texlive/2015/texmf-dist/fonts/type1/public/cm-sup
er/sfrm0700.pfb></usr/local/texlive/2015/texmf-dist/fonts/type1/public/cm-super
/sfrm0800.pfb></usr/local/texlive/2015/texmf-dist/fonts/type1/public/cm-super/s
frm0900.pfb></usr/local/texlive/2015/texmf-dist/fonts/type1/public/cm-super/sft
i0900.pfb></usr/local/texlive/2015/texmf-dist/fonts/type1/public/cm-super/sftt0
800.pfb></usr/local/texlive/2015/texmf-dist/fonts/type1/public/cm-super/sftt090
0.pfb></usr/local/texlive/2015/texmf-dist/fonts/type1/urw/helvetic/uhvb8a.pfb><
/usr/local/texlive/2015/texmf-dist/fonts/type1/urw/times/utmb8a.pfb></usr/local
/texlive/2015/texmf-dist/fonts/type1/urw/times/utmri8a.pfb>
Output written on main.pdf (13 pages, 1405638 bytes).
PDF statistics:
 471 PDF objects out of 1000 (max. 8388607)
 390 compressed objects within 4 object streams
 77 named destinations out of 1000 (max. 500000)
 20759 words of extra memory for PDF output out of 24883 (max. 10000000)

